<?xml version="1.0" encoding="UTF-8"?>
<!-- Generated by org.testng.reporters.JUnitXMLReporter -->
<testsuite ignored="3" hostname="DESKTOP-29D1PLS" failures="0" tests="1" name="Default test" time="0.62" errors="0" timestamp="2025-06-17T19:32:53 IST">
  <testcase classname="com.creatio.crm.application.tests.ApplicationTest" name="VerifyForgotLoginFeature" time="0.0">
    <skipped/>
  </testcase> <!-- VerifyForgotLoginFeature -->
  <testcase classname="com.creatio.crm.application.tests.ApplicationTest" name="verifyLoginInvalidCredentials" time="0.0">
    <ignored/>
  </testcase> <!-- verifyLoginInvalidCredentials -->
  <testcase classname="com.creatio.crm.application.tests.ApplicationTest" name="verifyLoginWithValidCredentials" time="0.0">
    <ignored/>
  </testcase> <!-- verifyLoginWithValidCredentials -->
  <testcase classname="com.creatio.crm.application.tests.ApplicationTest" name="verifyGoogleLogin" time="0.0">
    <ignored/>
  </testcase> <!-- verifyGoogleLogin -->
</testsuite> <!-- Default test -->
