<?xml version="1.0" encoding="UTF-8"?>
<!-- Generated by org.testng.reporters.JUnitXMLReporter -->
<testsuite ignored="0" hostname="DESKTOP-29D1PLS" failures="2" tests="2" name="Test" time="3.731" errors="0" timestamp="2025-06-17T15:47:32 IST">
  <testcase classname="com.creatio.crm.application.tests.ApplicationTest" name="verifyLoginWithValidCredentials" time="0.024">
    <failure type="java.lang.StackOverflowError">
      <![CDATA[java.lang.StackOverflowError
at com.creatio.crm.application.steps.LoginPageSteps.launchApplication(LoginPageSteps.java:21)
at com.creatio.crm.application.steps.LoginPageSteps.launchApplication(LoginPageSteps.java:21)
at com.creatio.crm.application.steps.LoginPageSteps.launchApplication(LoginPageSteps.java:21)
at com.creatio.crm.application.steps.LoginPageSteps.launchApplication(LoginPageSteps.java:21)
at com.creatio.crm.application.steps.LoginPageSteps.launchApplication(LoginPageSteps.java:21)
at com.creatio.crm.application.steps.LoginPageSteps.launchApplication(LoginPageSteps.java:21)
at com.creatio.crm.application.steps.LoginPageSteps.launchApplication(LoginPageSteps.java:21)
at com.creatio.crm.application.steps.LoginPageSteps.launchApplication(LoginPageSteps.java:21)
at com.creatio.crm.application.steps.LoginPageSteps.launchApplication(LoginPageSteps.java:21)
at com.creatio.crm.application.steps.LoginPageSteps.launchApplication(LoginPageSteps.java:21)
at com.creatio.crm.application.steps.LoginPageSteps.launchApplication(LoginPageSteps.java:21)
at com.creatio.crm.application.steps.LoginPageSteps.launchApplication(LoginPageSteps.java:21)
at com.creatio.crm.application.steps.LoginPageSteps.launchApplication(LoginPageSteps.java:21)
at com.creatio.crm.application.steps.LoginPageSteps.launchApplication(LoginPageSteps.java:21)
at com.creatio.crm.application.steps.LoginPageSteps.launchApplication(LoginPageSteps.java:21)
at com.creatio.crm.application.steps.LoginPageSteps.launchApplication(LoginPageSteps.java:21)
at com.creatio.crm.application.steps.LoginPageSteps.launchApplication(LoginPageSteps.java:21)
at com.creatio.crm.application.steps.LoginPageSteps.launchApplication(LoginPageSteps.java:21)
at com.creatio.crm.application.steps.LoginPageSteps.launchApplication(LoginPageSteps.java:21)
at com.creatio.crm.application.steps.LoginPageSteps.launchApplication(LoginPageSteps.java:21)
at com.creatio.crm.application.steps.LoginPageSteps.launchApplication(LoginPageSteps.java:21)
at com.creatio.crm.application.steps.LoginPageSteps.launchApplication(LoginPageSteps.java:21)
at com.creatio.crm.application.steps.LoginPageSteps.launchApplication(LoginPageSteps.java:21)
at com.creatio.crm.application.steps.LoginPageSteps.launchApplication(LoginPageSteps.java:21)
at com.creatio.crm.application.steps.LoginPageSteps.launchApplication(LoginPageSteps.java:21)
at com.creatio.crm.application.steps.LoginPageSteps.launchApplication(LoginPageSteps.java:21)
at com.creatio.crm.application.steps.LoginPageSteps.launchApplication(LoginPageSteps.java:21)
at com.creatio.crm.application.steps.LoginPageSteps.launchApplication(LoginPageSteps.java:21)
at com.creatio.crm.application.steps.LoginPageSteps.launchApplication(LoginPageSteps.java:21)
at com.creatio.crm.application.steps.LoginPageSteps.launchApplication(LoginPageSteps.java:21)
at com.creatio.crm.application.steps.LoginPageSteps.launchApplication(LoginPageSteps.java:21)
at com.creatio.crm.application.steps.LoginPageSteps.launchApplication(LoginPageSteps.java:21)
at com.creatio.crm.application.steps.LoginPageSteps.launchApplication(LoginPageSteps.java:21)
at com.creatio.crm.application.steps.LoginPageSteps.launchApplication(LoginPageSteps.java:21)
at com.creatio.crm.application.steps.LoginPageSteps.launchApplication(LoginPageSteps.java:21)
at com.creatio.crm.application.steps.LoginPageSteps.launchApplication(LoginPageSteps.java:21)
at com.creatio.crm.application.steps.LoginPageSteps.launchApplication(LoginPageSteps.java:21)
at com.creatio.crm.application.steps.LoginPageSteps.launchApplication(LoginPageSteps.java:21)
at com.creatio.crm.application.steps.LoginPageSteps.launchApplication(LoginPageSteps.java:21)
at com.creatio.crm.application.steps.LoginPageSteps.launchApplication(LoginPageSteps.java:21)
at com.creatio.crm.application.steps.LoginPageSteps.launchApplication(LoginPageSteps.java:21)
at com.creatio.crm.application.steps.LoginPageSteps.launchApplication(LoginPageSteps.java:21)
at com.creatio.crm.application.steps.LoginPageSteps.launchApplication(LoginPageSteps.java:21)
at com.creatio.crm.application.steps.LoginPageSteps.launchApplication(LoginPageSteps.java:21)
at com.creatio.crm.application.steps.LoginPageSteps.launchApplication(LoginPageSteps.java:21)
at com.creatio.crm.application.steps.LoginPageSteps.launchApplication(LoginPageSteps.java:21)
at com.creatio.crm.application.steps.LoginPageSteps.launchApplication(LoginPageSteps.java:21)
at com.creatio.crm.application.steps.LoginPageSteps.launchApplication(LoginPageSteps.java:21)
at com.creatio.crm.application.steps.LoginPageSteps.launchApplication(LoginPageSteps.java:21)
at com.creatio.crm.application.steps.LoginPageSteps.launchApplication(LoginPageSteps.java:21)
at com.creatio.crm.application.steps.LoginPageSteps.launchApplication(LoginPageSteps.java:21)
at com.creatio.crm.application.steps.LoginPageSteps.launchApplication(LoginPageSteps.java:21)
at com.creatio.crm.application.steps.LoginPageSteps.launchApplication(LoginPageSteps.java:21)
at com.creatio.crm.application.steps.LoginPageSteps.launchApplication(LoginPageSteps.java:21)
at com.creatio.crm.application.steps.LoginPageSteps.launchApplication(LoginPageSteps.java:21)
at com.creatio.crm.application.steps.LoginPageSteps.launchApplication(LoginPageSteps.java:21)
at com.creatio.crm.application.steps.LoginPageSteps.launchApplication(LoginPageSteps.java:21)
at com.creatio.crm.application.steps.LoginPageSteps.launchApplication(LoginPageSteps.java:21)
at com.creatio.crm.application.steps.LoginPageSteps.launchApplication(LoginPageSteps.java:21)
at com.creatio.crm.application.steps.LoginPageSteps.launchApplication(LoginPageSteps.java:21)
at com.creatio.crm.application.steps.LoginPageSteps.launchApplication(LoginPageSteps.java:21)
at com.creatio.crm.application.steps.LoginPageSteps.launchApplication(LoginPageSteps.java:21)
at com.creatio.crm.application.steps.LoginPageSteps.launchApplication(LoginPageSteps.java:21)
at com.creatio.crm.application.steps.LoginPageSteps.launchApplication(LoginPageSteps.java:21)
at com.creatio.crm.application.steps.LoginPageSteps.launchApplication(LoginPageSteps.java:21)
at com.creatio.crm.application.steps.LoginPageSteps.launchApplication(LoginPageSteps.java:21)
at com.creatio.crm.application.steps.LoginPageSteps.launchApplication(LoginPageSteps.java:21)
at com.creatio.crm.application.steps.LoginPageSteps.launchApplication(LoginPageSteps.java:21)
at com.creatio.crm.application.steps.LoginPageSteps.launchApplication(LoginPageSteps.java:21)
at com.creatio.crm.application.steps.LoginPageSteps.launchApplication(LoginPageSteps.java:21)
at com.creatio.crm.application.steps.LoginPageSteps.launchApplication(LoginPageSteps.java:21)
at com.creatio.crm.application.steps.LoginPageSteps.launchApplication(LoginPageSteps.java:21)
at com.creatio.crm.application.steps.LoginPageSteps.launchApplication(LoginPageSteps.java:21)
at com.creatio.crm.application.steps.LoginPageSteps.launchApplication(LoginPageSteps.java:21)
at com.creatio.crm.application.steps.LoginPageSteps.launchApplication(LoginPageSteps.java:21)
at com.creatio.crm.application.steps.LoginPageSteps.launchApplication(LoginPageSteps.java:21)
at com.creatio.crm.application.steps.LoginPageSteps.launchApplication(LoginPageSteps.java:21)
at com.creatio.crm.application.steps.LoginPageSteps.launchApplication(LoginPageSteps.java:21)
at com.creatio.crm.application.steps.LoginPageSteps.launchApplication(LoginPageSteps.java:21)
at com.creatio.crm.application.steps.LoginPageSteps.launchApplication(LoginPageSteps.java:21)
at com.creatio.crm.application.steps.LoginPageSteps.launchApplication(LoginPageSteps.java:21)
at com.creatio.crm.application.steps.LoginPageSteps.launchApplication(LoginPageSteps.java:21)
at com.creatio.crm.application.steps.LoginPageSteps.launchApplication(LoginPageSteps.java:21)
at com.creatio.crm.application.steps.LoginPageSteps.launchApplication(LoginPageSteps.java:21)
at com.creatio.crm.application.steps.LoginPageSteps.launchApplication(LoginPageSteps.java:21)
at com.creatio.crm.application.steps.LoginPageSteps.launchApplication(LoginPageSteps.java:21)
at com.creatio.crm.application.steps.LoginPageSteps.launchApplication(LoginPageSteps.java:21)
at com.creatio.crm.application.steps.LoginPageSteps.launchApplication(LoginPageSteps.java:21)
at com.creatio.crm.application.steps.LoginPageSteps.launchApplication(LoginPageSteps.java:21)
at com.creatio.crm.application.steps.LoginPageSteps.launchApplication(LoginPageSteps.java:21)
at com.creatio.crm.application.steps.LoginPageSteps.launchApplication(LoginPageSteps.java:21)
at com.creatio.crm.application.steps.LoginPageSteps.launchApplication(LoginPageSteps.java:21)
at com.creatio.crm.application.steps.LoginPageSteps.launchApplication(LoginPageSteps.java:21)
at com.creatio.crm.application.steps.LoginPageSteps.launchApplication(LoginPageSteps.java:21)
at com.creatio.crm.application.steps.LoginPageSteps.launchApplication(LoginPageSteps.java:21)
at com.creatio.crm.application.steps.LoginPageSteps.launchApplication(LoginPageSteps.java:21)
at com.creatio.crm.application.steps.LoginPageSteps.launchApplication(LoginPageSteps.java:21)
at com.creatio.crm.application.steps.LoginPageSteps.launchApplication(LoginPageSteps.java:21)
at com.creatio.crm.application.steps.LoginPageSteps.launchApplication(LoginPageSteps.java:21)
at com.creatio.crm.application.steps.LoginPageSteps.launchApplication(LoginPageSteps.java:21)
at com.creatio.crm.application.steps.LoginPageSteps.launchApplication(LoginPageSteps.java:21)
at com.creatio.crm.application.steps.LoginPageSteps.launchApplication(LoginPageSteps.java:21)
at com.creatio.crm.application.steps.LoginPageSteps.launchApplication(LoginPageSteps.java:21)
at com.creatio.crm.application.steps.LoginPageSteps.launchApplication(LoginPageSteps.java:21)
at com.creatio.crm.application.steps.LoginPageSteps.launchApplication(LoginPageSteps.java:21)
at com.creatio.crm.application.steps.LoginPageSteps.launchApplication(LoginPageSteps.java:21)
at com.creatio.crm.application.steps.LoginPageSteps.launchApplication(LoginPageSteps.java:21)
at com.creatio.crm.application.steps.LoginPageSteps.launchApplication(LoginPageSteps.java:21)
at com.creatio.crm.application.steps.LoginPageSteps.launchApplication(LoginPageSteps.java:21)
at com.creatio.crm.application.steps.LoginPageSteps.launchApplication(LoginPageSteps.java:21)
at com.creatio.crm.application.steps.LoginPageSteps.launchApplication(LoginPageSteps.java:21)
at com.creatio.crm.application.steps.LoginPageSteps.launchApplication(LoginPageSteps.java:21)
at com.creatio.crm.application.steps.LoginPageSteps.launchApplication(LoginPageSteps.java:21)
at com.creatio.crm.application.steps.LoginPageSteps.launchApplication(LoginPageSteps.java:21)
at com.creatio.crm.application.steps.LoginPageSteps.launchApplication(LoginPageSteps.java:21)
at com.creatio.crm.application.steps.LoginPageSteps.launchApplication(LoginPageSteps.java:21)
at com.creatio.crm.application.steps.LoginPageSteps.launchApplication(LoginPageSteps.java:21)
at com.creatio.crm.application.steps.LoginPageSteps.launchApplication(LoginPageSteps.java:21)
at com.creatio.crm.application.steps.LoginPageSteps.launchApplication(LoginPageSteps.java:21)
at com.creatio.crm.application.steps.LoginPageSteps.launchApplication(LoginPageSteps.java:21)
at com.creatio.crm.application.steps.LoginPageSteps.launchApplication(LoginPageSteps.java:21)
at com.creatio.crm.application.steps.LoginPageSteps.launchApplication(LoginPageSteps.java:21)
at com.creatio.crm.application.steps.LoginPageSteps.launchApplication(LoginPageSteps.java:21)
at com.creatio.crm.application.steps.LoginPageSteps.launchApplication(LoginPageSteps.java:21)
at com.creatio.crm.application.steps.LoginPageSteps.launchApplication(LoginPageSteps.java:21)
at com.creatio.crm.application.steps.LoginPageSteps.launchApplication(LoginPageSteps.java:21)
at com.creatio.crm.application.steps.LoginPageSteps.launchApplication(LoginPageSteps.java:21)
at com.creatio.crm.application.steps.LoginPageSteps.launchApplication(LoginPageSteps.java:21)
at com.creatio.crm.application.steps.LoginPageSteps.launchApplication(LoginPageSteps.java:21)
at com.creatio.crm.application.steps.LoginPageSteps.launchApplication(LoginPageSteps.java:21)
at com.creatio.crm.application.steps.LoginPageSteps.launchApplication(LoginPageSteps.java:21)
at com.creatio.crm.application.steps.LoginPageSteps.launchApplication(LoginPageSteps.java:21)
at com.creatio.crm.application.steps.LoginPageSteps.launchApplication(LoginPageSteps.java:21)
at com.creatio.crm.application.steps.LoginPageSteps.launchApplication(LoginPageSteps.java:21)
at com.creatio.crm.application.steps.LoginPageSteps.launchApplication(LoginPageSteps.java:21)
at com.creatio.crm.application.steps.LoginPageSteps.launchApplication(LoginPageSteps.java:21)
at com.creatio.crm.application.steps.LoginPageSteps.launchApplication(LoginPageSteps.java:21)
at com.creatio.crm.application.steps.LoginPageSteps.launchApplication(LoginPageSteps.java:21)
at com.creatio.crm.application.steps.LoginPageSteps.launchApplication(LoginPageSteps.java:21)
at com.creatio.crm.application.steps.LoginPageSteps.launchApplication(LoginPageSteps.java:21)
at com.creatio.crm.application.steps.LoginPageSteps.launchApplication(LoginPageSteps.java:21)
at com.creatio.crm.application.steps.LoginPageSteps.launchApplication(LoginPageSteps.java:21)
at com.creatio.crm.application.steps.LoginPageSteps.launchApplication(LoginPageSteps.java:21)
at com.creatio.crm.application.steps.LoginPageSteps.launchApplication(LoginPageSteps.java:21)
at com.creatio.crm.application.steps.LoginPageSteps.launchApplication(LoginPageSteps.java:21)
at com.creatio.crm.application.steps.LoginPageSteps.launchApplication(LoginPageSteps.java:21)
at com.creatio.crm.application.steps.LoginPageSteps.launchApplication(LoginPageSteps.java:21)
at com.creatio.crm.application.steps.LoginPageSteps.launchApplication(LoginPageSteps.java:21)
at com.creatio.crm.application.steps.LoginPageSteps.launchApplication(LoginPageSteps.java:21)
at com.creatio.crm.application.steps.LoginPageSteps.launchApplication(LoginPageSteps.java:21)
at com.creatio.crm.application.steps.LoginPageSteps.launchApplication(LoginPageSteps.java:21)
at com.creatio.crm.application.steps.LoginPageSteps.launchApplication(LoginPageSteps.java:21)
at com.creatio.crm.application.steps.LoginPageSteps.launchApplication(LoginPageSteps.java:21)
at com.creatio.crm.application.steps.LoginPageSteps.launchApplication(LoginPageSteps.java:21)
at com.creatio.crm.application.steps.LoginPageSteps.launchApplication(LoginPageSteps.java:21)
at com.creatio.crm.application.steps.LoginPageSteps.launchApplication(LoginPageSteps.java:21)
at com.creatio.crm.application.steps.LoginPageSteps.launchApplication(LoginPageSteps.java:21)
at com.creatio.crm.application.steps.LoginPageSteps.launchApplication(LoginPageSteps.java:21)
at com.creatio.crm.application.steps.LoginPageSteps.launchApplication(LoginPageSteps.java:21)
at com.creatio.crm.application.steps.LoginPageSteps.launchApplication(LoginPageSteps.java:21)
at com.creatio.crm.application.steps.LoginPageSteps.launchApplication(LoginPageSteps.java:21)
at com.creatio.crm.application.steps.LoginPageSteps.launchApplication(LoginPageSteps.java:21)
at com.creatio.crm.application.steps.LoginPageSteps.launchApplication(LoginPageSteps.java:21)
at com.creatio.crm.application.steps.LoginPageSteps.launchApplication(LoginPageSteps.java:21)
at com.creatio.crm.application.steps.LoginPageSteps.launchApplication(LoginPageSteps.java:21)
at com.creatio.crm.application.steps.LoginPageSteps.launchApplication(LoginPageSteps.java:21)
at com.creatio.crm.application.steps.LoginPageSteps.launchApplication(LoginPageSteps.java:21)
at com.creatio.crm.application.steps.LoginPageSteps.launchApplication(LoginPageSteps.java:21)
at com.creatio.crm.application.steps.LoginPageSteps.launchApplication(LoginPageSteps.java:21)
at com.creatio.crm.application.steps.LoginPageSteps.launchApplication(LoginPageSteps.java:21)
at com.creatio.crm.application.steps.LoginPageSteps.launchApplication(LoginPageSteps.java:21)
at com.creatio.crm.application.steps.LoginPageSteps.launchApplication(LoginPageSteps.java:21)
at com.creatio.crm.application.steps.LoginPageSteps.launchApplication(LoginPageSteps.java:21)
at com.creatio.crm.application.steps.LoginPageSteps.launchApplication(LoginPageSteps.java:21)
at com.creatio.crm.application.steps.LoginPageSteps.launchApplication(LoginPageSteps.java:21)
at com.creatio.crm.application.steps.LoginPageSteps.launchApplication(LoginPageSteps.java:21)
at com.creatio.crm.application.steps.LoginPageSteps.launchApplication(LoginPageSteps.java:21)
at com.creatio.crm.application.steps.LoginPageSteps.launchApplication(LoginPageSteps.java:21)
at com.creatio.crm.application.steps.LoginPageSteps.launchApplication(LoginPageSteps.java:21)
at com.creatio.crm.application.steps.LoginPageSteps.launchApplication(LoginPageSteps.java:21)
at com.creatio.crm.application.steps.LoginPageSteps.launchApplication(LoginPageSteps.java:21)
at com.creatio.crm.application.steps.LoginPageSteps.launchApplication(LoginPageSteps.java:21)
at com.creatio.crm.application.steps.LoginPageSteps.launchApplication(LoginPageSteps.java:21)
at com.creatio.crm.application.steps.LoginPageSteps.launchApplication(LoginPageSteps.java:21)
at com.creatio.crm.application.steps.LoginPageSteps.launchApplication(LoginPageSteps.java:21)
at com.creatio.crm.application.steps.LoginPageSteps.launchApplication(LoginPageSteps.java:21)
at com.creatio.crm.application.steps.LoginPageSteps.launchApplication(LoginPageSteps.java:21)
at com.creatio.crm.application.steps.LoginPageSteps.launchApplication(LoginPageSteps.java:21)
at com.creatio.crm.application.steps.LoginPageSteps.launchApplication(LoginPageSteps.java:21)
at com.creatio.crm.application.steps.LoginPageSteps.launchApplication(LoginPageSteps.java:21)
at com.creatio.crm.application.steps.LoginPageSteps.launchApplication(LoginPageSteps.java:21)
at com.creatio.crm.application.steps.LoginPageSteps.launchApplication(LoginPageSteps.java:21)
at com.creatio.crm.application.steps.LoginPageSteps.launchApplication(LoginPageSteps.java:21)
at com.creatio.crm.application.steps.LoginPageSteps.launchApplication(LoginPageSteps.java:21)
at com.creatio.crm.application.steps.LoginPageSteps.launchApplication(LoginPageSteps.java:21)
at com.creatio.crm.application.steps.LoginPageSteps.launchApplication(LoginPageSteps.java:21)
at com.creatio.crm.application.steps.LoginPageSteps.launchApplication(LoginPageSteps.java:21)
at com.creatio.crm.application.steps.LoginPageSteps.launchApplication(LoginPageSteps.java:21)
at com.creatio.crm.application.steps.LoginPageSteps.launchApplication(LoginPageSteps.java:21)
at com.creatio.crm.application.steps.LoginPageSteps.launchApplication(LoginPageSteps.java:21)
at com.creatio.crm.application.steps.LoginPageSteps.launchApplication(LoginPageSteps.java:21)
at com.creatio.crm.application.steps.LoginPageSteps.launchApplication(LoginPageSteps.java:21)
at com.creatio.crm.application.steps.LoginPageSteps.launchApplication(LoginPageSteps.java:21)
at com.creatio.crm.application.steps.LoginPageSteps.launchApplication(LoginPageSteps.java:21)
at com.creatio.crm.application.steps.LoginPageSteps.launchApplication(LoginPageSteps.java:21)
at com.creatio.crm.application.steps.LoginPageSteps.launchApplication(LoginPageSteps.java:21)
at com.creatio.crm.application.steps.LoginPageSteps.launchApplication(LoginPageSteps.java:21)
at com.creatio.crm.application.steps.LoginPageSteps.launchApplication(LoginPageSteps.java:21)
at com.creatio.crm.application.steps.LoginPageSteps.launchApplication(LoginPageSteps.java:21)
at com.creatio.crm.application.steps.LoginPageSteps.launchApplication(LoginPageSteps.java:21)
at com.creatio.crm.application.steps.LoginPageSteps.launchApplication(LoginPageSteps.java:21)
at com.creatio.crm.application.steps.LoginPageSteps.launchApplication(LoginPageSteps.java:21)
at com.creatio.crm.application.steps.LoginPageSteps.launchApplication(LoginPageSteps.java:21)
at com.creatio.crm.application.steps.LoginPageSteps.launchApplication(LoginPageSteps.java:21)
at com.creatio.crm.application.steps.LoginPageSteps.launchApplication(LoginPageSteps.java:21)
at com.creatio.crm.application.steps.LoginPageSteps.launchApplication(LoginPageSteps.java:21)
at com.creatio.crm.application.steps.LoginPageSteps.launchApplication(LoginPageSteps.java:21)
at com.creatio.crm.application.steps.LoginPageSteps.launchApplication(LoginPageSteps.java:21)
at com.creatio.crm.application.steps.LoginPageSteps.launchApplication(LoginPageSteps.java:21)
at com.creatio.crm.application.steps.LoginPageSteps.launchApplication(LoginPageSteps.java:21)
at com.creatio.crm.application.steps.LoginPageSteps.launchApplication(LoginPageSteps.java:21)
at com.creatio.crm.application.steps.LoginPageSteps.launchApplication(LoginPageSteps.java:21)
at com.creatio.crm.application.steps.LoginPageSteps.launchApplication(LoginPageSteps.java:21)
at com.creatio.crm.application.steps.LoginPageSteps.launchApplication(LoginPageSteps.java:21)
at com.creatio.crm.application.steps.LoginPageSteps.launchApplication(LoginPageSteps.java:21)
at com.creatio.crm.application.steps.LoginPageSteps.launchApplication(LoginPageSteps.java:21)
at com.creatio.crm.application.steps.LoginPageSteps.launchApplication(LoginPageSteps.java:21)
at com.creatio.crm.application.steps.LoginPageSteps.launchApplication(LoginPageSteps.java:21)
at com.creatio.crm.application.steps.LoginPageSteps.launchApplication(LoginPageSteps.java:21)
at com.creatio.crm.application.steps.LoginPageSteps.launchApplication(LoginPageSteps.java:21)
at com.creatio.crm.application.steps.LoginPageSteps.launchApplication(LoginPageSteps.java:21)
at com.creatio.crm.application.steps.LoginPageSteps.launchApplication(LoginPageSteps.java:21)
at com.creatio.crm.application.steps.LoginPageSteps.launchApplication(LoginPageSteps.java:21)
at com.creatio.crm.application.steps.LoginPageSteps.launchApplication(LoginPageSteps.java:21)
at com.creatio.crm.application.steps.LoginPageSteps.launchApplication(LoginPageSteps.java:21)
at com.creatio.crm.application.steps.LoginPageSteps.launchApplication(LoginPageSteps.java:21)
at com.creatio.crm.application.steps.LoginPageSteps.launchApplication(LoginPageSteps.java:21)
at com.creatio.crm.application.steps.LoginPageSteps.launchApplication(LoginPageSteps.java:21)
at com.creatio.crm.application.steps.LoginPageSteps.launchApplication(LoginPageSteps.java:21)
at com.creatio.crm.application.steps.LoginPageSteps.launchApplication(LoginPageSteps.java:21)
at com.creatio.crm.application.steps.LoginPageSteps.launchApplication(LoginPageSteps.java:21)
at com.creatio.crm.application.steps.LoginPageSteps.launchApplication(LoginPageSteps.java:21)
at com.creatio.crm.application.steps.LoginPageSteps.launchApplication(LoginPageSteps.java:21)
at com.creatio.crm.application.steps.LoginPageSteps.launchApplication(LoginPageSteps.java:21)
at com.creatio.crm.application.steps.LoginPageSteps.launchApplication(LoginPageSteps.java:21)
at com.creatio.crm.application.steps.LoginPageSteps.launchApplication(LoginPageSteps.java:21)
at com.creatio.crm.application.steps.LoginPageSteps.launchApplication(LoginPageSteps.java:21)
at com.creatio.crm.application.steps.LoginPageSteps.launchApplication(LoginPageSteps.java:21)
at com.creatio.crm.application.steps.LoginPageSteps.launchApplication(LoginPageSteps.java:21)
at com.creatio.crm.application.steps.LoginPageSteps.launchApplication(LoginPageSteps.java:21)
at com.creatio.crm.application.steps.LoginPageSteps.launchApplication(LoginPageSteps.java:21)
at com.creatio.crm.application.steps.LoginPageSteps.launchApplication(LoginPageSteps.java:21)
at com.creatio.crm.application.steps.LoginPageSteps.launchApplication(LoginPageSteps.java:21)
at com.creatio.crm.application.steps.LoginPageSteps.launchApplication(LoginPageSteps.java:21)
at com.creatio.crm.application.steps.LoginPageSteps.launchApplication(LoginPageSteps.java:21)
at com.creatio.crm.application.steps.LoginPageSteps.launchApplication(LoginPageSteps.java:21)
at com.creatio.crm.application.steps.LoginPageSteps.launchApplication(LoginPageSteps.java:21)
at com.creatio.crm.application.steps.LoginPageSteps.launchApplication(LoginPageSteps.java:21)
at com.creatio.crm.application.steps.LoginPageSteps.launchApplication(LoginPageSteps.java:21)
at com.creatio.crm.application.steps.LoginPageSteps.launchApplication(LoginPageSteps.java:21)
at com.creatio.crm.application.steps.LoginPageSteps.launchApplication(LoginPageSteps.java:21)
at com.creatio.crm.application.steps.LoginPageSteps.launchApplication(LoginPageSteps.java:21)
at com.creatio.crm.application.steps.LoginPageSteps.launchApplication(LoginPageSteps.java:21)
at com.creatio.crm.application.steps.LoginPageSteps.launchApplication(LoginPageSteps.java:21)
at com.creatio.crm.application.steps.LoginPageSteps.launchApplication(LoginPageSteps.java:21)
at com.creatio.crm.application.steps.LoginPageSteps.launchApplication(LoginPageSteps.java:21)
at com.creatio.crm.application.steps.LoginPageSteps.launchApplication(LoginPageSteps.java:21)
at com.creatio.crm.application.steps.LoginPageSteps.launchApplication(LoginPageSteps.java:21)
at com.creatio.crm.application.steps.LoginPageSteps.launchApplication(LoginPageSteps.java:21)
at com.creatio.crm.application.steps.LoginPageSteps.launchApplication(LoginPageSteps.java:21)
at com.creatio.crm.application.steps.LoginPageSteps.launchApplication(LoginPageSteps.java:21)
at com.creatio.crm.application.steps.LoginPageSteps.launchApplication(LoginPageSteps.java:21)
at com.creatio.crm.application.steps.LoginPageSteps.launchApplication(LoginPageSteps.java:21)
at com.creatio.crm.application.steps.LoginPageSteps.launchApplication(LoginPageSteps.java:21)
at com.creatio.crm.application.steps.LoginPageSteps.launchApplication(LoginPageSteps.java:21)
at com.creatio.crm.application.steps.LoginPageSteps.launchApplication(LoginPageSteps.java:21)
at com.creatio.crm.application.steps.LoginPageSteps.launchApplication(LoginPageSteps.java:21)
at com.creatio.crm.application.steps.LoginPageSteps.launchApplication(LoginPageSteps.java:21)
at com.creatio.crm.application.steps.LoginPageSteps.launchApplication(LoginPageSteps.java:21)
at com.creatio.crm.application.steps.LoginPageSteps.launchApplication(LoginPageSteps.java:21)
at com.creatio.crm.application.steps.LoginPageSteps.launchApplication(LoginPageSteps.java:21)
at com.creatio.crm.application.steps.LoginPageSteps.launchApplication(LoginPageSteps.java:21)
at com.creatio.crm.application.steps.LoginPageSteps.launchApplication(LoginPageSteps.java:21)
at com.creatio.crm.application.steps.LoginPageSteps.launchApplication(LoginPageSteps.java:21)
at com.creatio.crm.application.steps.LoginPageSteps.launchApplication(LoginPageSteps.java:21)
at com.creatio.crm.application.steps.LoginPageSteps.launchApplication(LoginPageSteps.java:21)
at com.creatio.crm.application.steps.LoginPageSteps.launchApplication(LoginPageSteps.java:21)
at com.creatio.crm.application.steps.LoginPageSteps.launchApplication(LoginPageSteps.java:21)
at com.creatio.crm.application.steps.LoginPageSteps.launchApplication(LoginPageSteps.java:21)
at com.creatio.crm.application.steps.LoginPageSteps.launchApplication(LoginPageSteps.java:21)
at com.creatio.crm.application.steps.LoginPageSteps.launchApplication(LoginPageSteps.java:21)
at com.creatio.crm.application.steps.LoginPageSteps.launchApplication(LoginPageSteps.java:21)
at com.creatio.crm.application.steps.LoginPageSteps.launchApplication(LoginPageSteps.java:21)
at com.creatio.crm.application.steps.LoginPageSteps.launchApplication(LoginPageSteps.java:21)
at com.creatio.crm.application.steps.LoginPageSteps.launchApplication(LoginPageSteps.java:21)
at com.creatio.crm.application.steps.LoginPageSteps.launchApplication(LoginPageSteps.java:21)
at com.creatio.crm.application.steps.LoginPageSteps.launchApplication(LoginPageSteps.java:21)
at com.creatio.crm.application.steps.LoginPageSteps.launchApplication(LoginPageSteps.java:21)
at com.creatio.crm.application.steps.LoginPageSteps.launchApplication(LoginPageSteps.java:21)
at com.creatio.crm.application.steps.LoginPageSteps.launchApplication(LoginPageSteps.java:21)
at com.creatio.crm.application.steps.LoginPageSteps.launchApplication(LoginPageSteps.java:21)
at com.creatio.crm.application.steps.LoginPageSteps.launchApplication(LoginPageSteps.java:21)
at com.creatio.crm.application.steps.LoginPageSteps.launchApplication(LoginPageSteps.java:21)
at com.creatio.crm.application.steps.LoginPageSteps.launchApplication(LoginPageSteps.java:21)
at com.creatio.crm.application.steps.LoginPageSteps.launchApplication(LoginPageSteps.java:21)
at com.creatio.crm.application.steps.LoginPageSteps.launchApplication(LoginPageSteps.java:21)
at com.creatio.crm.application.steps.LoginPageSteps.launchApplication(LoginPageSteps.java:21)
at com.creatio.crm.application.steps.LoginPageSteps.launchApplication(LoginPageSteps.java:21)
at com.creatio.crm.application.steps.LoginPageSteps.launchApplication(LoginPageSteps.java:21)
at com.creatio.crm.application.steps.LoginPageSteps.launchApplication(LoginPageSteps.java:21)
at com.creatio.crm.application.steps.LoginPageSteps.launchApplication(LoginPageSteps.java:21)
at com.creatio.crm.application.steps.LoginPageSteps.launchApplication(LoginPageSteps.java:21)
at com.creatio.crm.application.steps.LoginPageSteps.launchApplication(LoginPageSteps.java:21)
at com.creatio.crm.application.steps.LoginPageSteps.launchApplication(LoginPageSteps.java:21)
at com.creatio.crm.application.steps.LoginPageSteps.launchApplication(LoginPageSteps.java:21)
at com.creatio.crm.application.steps.LoginPageSteps.launchApplication(LoginPageSteps.java:21)
at com.creatio.crm.application.steps.LoginPageSteps.launchApplication(LoginPageSteps.java:21)
at com.creatio.crm.application.steps.LoginPageSteps.launchApplication(LoginPageSteps.java:21)
at com.creatio.crm.application.steps.LoginPageSteps.launchApplication(LoginPageSteps.java:21)
at com.creatio.crm.application.steps.LoginPageSteps.launchApplication(LoginPageSteps.java:21)
at com.creatio.crm.application.steps.LoginPageSteps.launchApplication(LoginPageSteps.java:21)
at com.creatio.crm.application.steps.LoginPageSteps.launchApplication(LoginPageSteps.java:21)
at com.creatio.crm.application.steps.LoginPageSteps.launchApplication(LoginPageSteps.java:21)
at com.creatio.crm.application.steps.LoginPageSteps.launchApplication(LoginPageSteps.java:21)
at com.creatio.crm.application.steps.LoginPageSteps.launchApplication(LoginPageSteps.java:21)
at com.creatio.crm.application.steps.LoginPageSteps.launchApplication(LoginPageSteps.java:21)
at com.creatio.crm.application.steps.LoginPageSteps.launchApplication(LoginPageSteps.java:21)
at com.creatio.crm.application.steps.LoginPageSteps.launchApplication(LoginPageSteps.java:21)
at com.creatio.crm.application.steps.LoginPageSteps.launchApplication(LoginPageSteps.java:21)
at com.creatio.crm.application.steps.LoginPageSteps.launchApplication(LoginPageSteps.java:21)
at com.creatio.crm.application.steps.LoginPageSteps.launchApplication(LoginPageSteps.java:21)
at com.creatio.crm.application.steps.LoginPageSteps.launchApplication(LoginPageSteps.java:21)
at com.creatio.crm.application.steps.LoginPageSteps.launchApplication(LoginPageSteps.java:21)
at com.creatio.crm.application.steps.LoginPageSteps.launchApplication(LoginPageSteps.java:21)
at com.creatio.crm.application.steps.LoginPageSteps.launchApplication(LoginPageSteps.java:21)
at com.creatio.crm.application.steps.LoginPageSteps.launchApplication(LoginPageSteps.java:21)
at com.creatio.crm.application.steps.LoginPageSteps.launchApplication(LoginPageSteps.java:21)
at com.creatio.crm.application.steps.LoginPageSteps.launchApplication(LoginPageSteps.java:21)
at com.creatio.crm.application.steps.LoginPageSteps.launchApplication(LoginPageSteps.java:21)
at com.creatio.crm.application.steps.LoginPageSteps.launchApplication(LoginPageSteps.java:21)
at com.creatio.crm.application.steps.LoginPageSteps.launchApplication(LoginPageSteps.java:21)
at com.creatio.crm.application.steps.LoginPageSteps.launchApplication(LoginPageSteps.java:21)
at com.creatio.crm.application.steps.LoginPageSteps.launchApplication(LoginPageSteps.java:21)
at com.creatio.crm.application.steps.LoginPageSteps.launchApplication(LoginPageSteps.java:21)
at com.creatio.crm.application.steps.LoginPageSteps.launchApplication(LoginPageSteps.java:21)
at com.creatio.crm.application.steps.LoginPageSteps.launchApplication(LoginPageSteps.java:21)
at com.creatio.crm.application.steps.LoginPageSteps.launchApplication(LoginPageSteps.java:21)
at com.creatio.crm.application.steps.LoginPageSteps.launchApplication(LoginPageSteps.java:21)
at com.creatio.crm.application.steps.LoginPageSteps.launchApplication(LoginPageSteps.java:21)
at com.creatio.crm.application.steps.LoginPageSteps.launchApplication(LoginPageSteps.java:21)
at com.creatio.crm.application.steps.LoginPageSteps.launchApplication(LoginPageSteps.java:21)
at com.creatio.crm.application.steps.LoginPageSteps.launchApplication(LoginPageSteps.java:21)
at com.creatio.crm.application.steps.LoginPageSteps.launchApplication(LoginPageSteps.java:21)
at com.creatio.crm.application.steps.LoginPageSteps.launchApplication(LoginPageSteps.java:21)
at com.creatio.crm.application.steps.LoginPageSteps.launchApplication(LoginPageSteps.java:21)
at com.creatio.crm.application.steps.LoginPageSteps.launchApplication(LoginPageSteps.java:21)
at com.creatio.crm.application.steps.LoginPageSteps.launchApplication(LoginPageSteps.java:21)
at com.creatio.crm.application.steps.LoginPageSteps.launchApplication(LoginPageSteps.java:21)
at com.creatio.crm.application.steps.LoginPageSteps.launchApplication(LoginPageSteps.java:21)
at com.creatio.crm.application.steps.LoginPageSteps.launchApplication(LoginPageSteps.java:21)
at com.creatio.crm.application.steps.LoginPageSteps.launchApplication(LoginPageSteps.java:21)
at com.creatio.crm.application.steps.LoginPageSteps.launchApplication(LoginPageSteps.java:21)
at com.creatio.crm.application.steps.LoginPageSteps.launchApplication(LoginPageSteps.java:21)
at com.creatio.crm.application.steps.LoginPageSteps.launchApplication(LoginPageSteps.java:21)
at com.creatio.crm.application.steps.LoginPageSteps.launchApplication(LoginPageSteps.java:21)
at com.creatio.crm.application.steps.LoginPageSteps.launchApplication(LoginPageSteps.java:21)
at com.creatio.crm.application.steps.LoginPageSteps.launchApplication(LoginPageSteps.java:21)
at com.creatio.crm.application.steps.LoginPageSteps.launchApplication(LoginPageSteps.java:21)
at com.creatio.crm.application.steps.LoginPageSteps.launchApplication(LoginPageSteps.java:21)
at com.creatio.crm.application.steps.LoginPageSteps.launchApplication(LoginPageSteps.java:21)
at com.creatio.crm.application.steps.LoginPageSteps.launchApplication(LoginPageSteps.java:21)
at com.creatio.crm.application.steps.LoginPageSteps.launchApplication(LoginPageSteps.java:21)
at com.creatio.crm.application.steps.LoginPageSteps.launchApplication(LoginPageSteps.java:21)
at com.creatio.crm.application.steps.LoginPageSteps.launchApplication(LoginPageSteps.java:21)
at com.creatio.crm.application.steps.LoginPageSteps.launchApplication(LoginPageSteps.java:21)
at com.creatio.crm.application.steps.LoginPageSteps.launchApplication(LoginPageSteps.java:21)
at com.creatio.crm.application.steps.LoginPageSteps.launchApplication(LoginPageSteps.java:21)
at com.creatio.crm.application.steps.LoginPageSteps.launchApplication(LoginPageSteps.java:21)
at com.creatio.crm.application.steps.LoginPageSteps.launchApplication(LoginPageSteps.java:21)
at com.creatio.crm.application.steps.LoginPageSteps.launchApplication(LoginPageSteps.java:21)
at com.creatio.crm.application.steps.LoginPageSteps.launchApplication(LoginPageSteps.java:21)
at com.creatio.crm.application.steps.LoginPageSteps.launchApplication(LoginPageSteps.java:21)
at com.creatio.crm.application.steps.LoginPageSteps.launchApplication(LoginPageSteps.java:21)
at com.creatio.crm.application.steps.LoginPageSteps.launchApplication(LoginPageSteps.java:21)
at com.creatio.crm.application.steps.LoginPageSteps.launchApplication(LoginPageSteps.java:21)
at com.creatio.crm.application.steps.LoginPageSteps.launchApplication(LoginPageSteps.java:21)
at com.creatio.crm.application.steps.LoginPageSteps.launchApplication(LoginPageSteps.java:21)
at com.creatio.crm.application.steps.LoginPageSteps.launchApplication(LoginPageSteps.java:21)
at com.creatio.crm.application.steps.LoginPageSteps.launchApplication(LoginPageSteps.java:21)
at com.creatio.crm.application.steps.LoginPageSteps.launchApplication(LoginPageSteps.java:21)
at com.creatio.crm.application.steps.LoginPageSteps.launchApplication(LoginPageSteps.java:21)
at com.creatio.crm.application.steps.LoginPageSteps.launchApplication(LoginPageSteps.java:21)
at com.creatio.crm.application.steps.LoginPageSteps.launchApplication(LoginPageSteps.java:21)
at com.creatio.crm.application.steps.LoginPageSteps.launchApplication(LoginPageSteps.java:21)
at com.creatio.crm.application.steps.LoginPageSteps.launchApplication(LoginPageSteps.java:21)
at com.creatio.crm.application.steps.LoginPageSteps.launchApplication(LoginPageSteps.java:21)
at com.creatio.crm.application.steps.LoginPageSteps.launchApplication(LoginPageSteps.java:21)
at com.creatio.crm.application.steps.LoginPageSteps.launchApplication(LoginPageSteps.java:21)
at com.creatio.crm.application.steps.LoginPageSteps.launchApplication(LoginPageSteps.java:21)
at com.creatio.crm.application.steps.LoginPageSteps.launchApplication(LoginPageSteps.java:21)
at com.creatio.crm.application.steps.LoginPageSteps.launchApplication(LoginPageSteps.java:21)
at com.creatio.crm.application.steps.LoginPageSteps.launchApplication(LoginPageSteps.java:21)
at com.creatio.crm.application.steps.LoginPageSteps.launchApplication(LoginPageSteps.java:21)
at com.creatio.crm.application.steps.LoginPageSteps.launchApplication(LoginPageSteps.java:21)
at com.creatio.crm.application.steps.LoginPageSteps.launchApplication(LoginPageSteps.java:21)
at com.creatio.crm.application.steps.LoginPageSteps.launchApplication(LoginPageSteps.java:21)
at com.creatio.crm.application.steps.LoginPageSteps.launchApplication(LoginPageSteps.java:21)
at com.creatio.crm.application.steps.LoginPageSteps.launchApplication(LoginPageSteps.java:21)
at com.creatio.crm.application.steps.LoginPageSteps.launchApplication(LoginPageSteps.java:21)
at com.creatio.crm.application.steps.LoginPageSteps.launchApplication(LoginPageSteps.java:21)
at com.creatio.crm.application.steps.LoginPageSteps.launchApplication(LoginPageSteps.java:21)
at com.creatio.crm.application.steps.LoginPageSteps.launchApplication(LoginPageSteps.java:21)
at com.creatio.crm.application.steps.LoginPageSteps.launchApplication(LoginPageSteps.java:21)
at com.creatio.crm.application.steps.LoginPageSteps.launchApplication(LoginPageSteps.java:21)
at com.creatio.crm.application.steps.LoginPageSteps.launchApplication(LoginPageSteps.java:21)
at com.creatio.crm.application.steps.LoginPageSteps.launchApplication(LoginPageSteps.java:21)
at com.creatio.crm.application.steps.LoginPageSteps.launchApplication(LoginPageSteps.java:21)
at com.creatio.crm.application.steps.LoginPageSteps.launchApplication(LoginPageSteps.java:21)
at com.creatio.crm.application.steps.LoginPageSteps.launchApplication(LoginPageSteps.java:21)
at com.creatio.crm.application.steps.LoginPageSteps.launchApplication(LoginPageSteps.java:21)
at com.creatio.crm.application.steps.LoginPageSteps.launchApplication(LoginPageSteps.java:21)
at com.creatio.crm.application.steps.LoginPageSteps.launchApplication(LoginPageSteps.java:21)
at com.creatio.crm.application.steps.LoginPageSteps.launchApplication(LoginPageSteps.java:21)
at com.creatio.crm.application.steps.LoginPageSteps.launchApplication(LoginPageSteps.java:21)
at com.creatio.crm.application.steps.LoginPageSteps.launchApplication(LoginPageSteps.java:21)
at com.creatio.crm.application.steps.LoginPageSteps.launchApplication(LoginPageSteps.java:21)
at com.creatio.crm.application.steps.LoginPageSteps.launchApplication(LoginPageSteps.java:21)
at com.creatio.crm.application.steps.LoginPageSteps.launchApplication(LoginPageSteps.java:21)
at com.creatio.crm.application.steps.LoginPageSteps.launchApplication(LoginPageSteps.java:21)
at com.creatio.crm.application.steps.LoginPageSteps.launchApplication(LoginPageSteps.java:21)
at com.creatio.crm.application.steps.LoginPageSteps.launchApplication(LoginPageSteps.java:21)
at com.creatio.crm.application.steps.LoginPageSteps.launchApplication(LoginPageSteps.java:21)
at com.creatio.crm.application.steps.LoginPageSteps.launchApplication(LoginPageSteps.java:21)
at com.creatio.crm.application.steps.LoginPageSteps.launchApplication(LoginPageSteps.java:21)
at com.creatio.crm.application.steps.LoginPageSteps.launchApplication(LoginPageSteps.java:21)
at com.creatio.crm.application.steps.LoginPageSteps.launchApplication(LoginPageSteps.java:21)
at com.creatio.crm.application.steps.LoginPageSteps.launchApplication(LoginPageSteps.java:21)
at com.creatio.crm.application.steps.LoginPageSteps.launchApplication(LoginPageSteps.java:21)
at com.creatio.crm.application.steps.LoginPageSteps.launchApplication(LoginPageSteps.java:21)
at com.creatio.crm.application.steps.LoginPageSteps.launchApplication(LoginPageSteps.java:21)
at com.creatio.crm.application.steps.LoginPageSteps.launchApplication(LoginPageSteps.java:21)
at com.creatio.crm.application.steps.LoginPageSteps.launchApplication(LoginPageSteps.java:21)
at com.creatio.crm.application.steps.LoginPageSteps.launchApplication(LoginPageSteps.java:21)
at com.creatio.crm.application.steps.LoginPageSteps.launchApplication(LoginPageSteps.java:21)
at com.creatio.crm.application.steps.LoginPageSteps.launchApplication(LoginPageSteps.java:21)
at com.creatio.crm.application.steps.LoginPageSteps.launchApplication(LoginPageSteps.java:21)
at com.creatio.crm.application.steps.LoginPageSteps.launchApplication(LoginPageSteps.java:21)
at com.creatio.crm.application.steps.LoginPageSteps.launchApplication(LoginPageSteps.java:21)
at com.creatio.crm.application.steps.LoginPageSteps.launchApplication(LoginPageSteps.java:21)
at com.creatio.crm.application.steps.LoginPageSteps.launchApplication(LoginPageSteps.java:21)
at com.creatio.crm.application.steps.LoginPageSteps.launchApplication(LoginPageSteps.java:21)
at com.creatio.crm.application.steps.LoginPageSteps.launchApplication(LoginPageSteps.java:21)
at com.creatio.crm.application.steps.LoginPageSteps.launchApplication(LoginPageSteps.java:21)
at com.creatio.crm.application.steps.LoginPageSteps.launchApplication(LoginPageSteps.java:21)
at com.creatio.crm.application.steps.LoginPageSteps.launchApplication(LoginPageSteps.java:21)
at com.creatio.crm.application.steps.LoginPageSteps.launchApplication(LoginPageSteps.java:21)
at com.creatio.crm.application.steps.LoginPageSteps.launchApplication(LoginPageSteps.java:21)
at com.creatio.crm.application.steps.LoginPageSteps.launchApplication(LoginPageSteps.java:21)
at com.creatio.crm.application.steps.LoginPageSteps.launchApplication(LoginPageSteps.java:21)
at com.creatio.crm.application.steps.LoginPageSteps.launchApplication(LoginPageSteps.java:21)
at com.creatio.crm.application.steps.LoginPageSteps.launchApplication(LoginPageSteps.java:21)
at com.creatio.crm.application.steps.LoginPageSteps.launchApplication(LoginPageSteps.java:21)
at com.creatio.crm.application.steps.LoginPageSteps.launchApplication(LoginPageSteps.java:21)
at com.creatio.crm.application.steps.LoginPageSteps.launchApplication(LoginPageSteps.java:21)
at com.creatio.crm.application.steps.LoginPageSteps.launchApplication(LoginPageSteps.java:21)
at com.creatio.crm.application.steps.LoginPageSteps.launchApplication(LoginPageSteps.java:21)
at com.creatio.crm.application.steps.LoginPageSteps.launchApplication(LoginPageSteps.java:21)
at com.creatio.crm.application.steps.LoginPageSteps.launchApplication(LoginPageSteps.java:21)
at com.creatio.crm.application.steps.LoginPageSteps.launchApplication(LoginPageSteps.java:21)
at com.creatio.crm.application.steps.LoginPageSteps.launchApplication(LoginPageSteps.java:21)
at com.creatio.crm.application.steps.LoginPageSteps.launchApplication(LoginPageSteps.java:21)
at com.creatio.crm.application.steps.LoginPageSteps.launchApplication(LoginPageSteps.java:21)
at com.creatio.crm.application.steps.LoginPageSteps.launchApplication(LoginPageSteps.java:21)
at com.creatio.crm.application.steps.LoginPageSteps.launchApplication(LoginPageSteps.java:21)
at com.creatio.crm.application.steps.LoginPageSteps.launchApplication(LoginPageSteps.java:21)
at com.creatio.crm.application.steps.LoginPageSteps.launchApplication(LoginPageSteps.java:21)
at com.creatio.crm.application.steps.LoginPageSteps.launchApplication(LoginPageSteps.java:21)
at com.creatio.crm.application.steps.LoginPageSteps.launchApplication(LoginPageSteps.java:21)
at com.creatio.crm.application.steps.LoginPageSteps.launchApplication(LoginPageSteps.java:21)
at com.creatio.crm.application.steps.LoginPageSteps.launchApplication(LoginPageSteps.java:21)
at com.creatio.crm.application.steps.LoginPageSteps.launchApplication(LoginPageSteps.java:21)
at com.creatio.crm.application.steps.LoginPageSteps.launchApplication(LoginPageSteps.java:21)
at com.creatio.crm.application.steps.LoginPageSteps.launchApplication(LoginPageSteps.java:21)
at com.creatio.crm.application.steps.LoginPageSteps.launchApplication(LoginPageSteps.java:21)
at com.creatio.crm.application.steps.LoginPageSteps.launchApplication(LoginPageSteps.java:21)
at com.creatio.crm.application.steps.LoginPageSteps.launchApplication(LoginPageSteps.java:21)
at com.creatio.crm.application.steps.LoginPageSteps.launchApplication(LoginPageSteps.java:21)
at com.creatio.crm.application.steps.LoginPageSteps.launchApplication(LoginPageSteps.java:21)
at com.creatio.crm.application.steps.LoginPageSteps.launchApplication(LoginPageSteps.java:21)
at com.creatio.crm.application.steps.LoginPageSteps.launchApplication(LoginPageSteps.java:21)
at com.creatio.crm.application.steps.LoginPageSteps.launchApplication(LoginPageSteps.java:21)
at com.creatio.crm.application.steps.LoginPageSteps.launchApplication(LoginPageSteps.java:21)
at com.creatio.crm.application.steps.LoginPageSteps.launchApplication(LoginPageSteps.java:21)
at com.creatio.crm.application.steps.LoginPageSteps.launchApplication(LoginPageSteps.java:21)
at com.creatio.crm.application.steps.LoginPageSteps.launchApplication(LoginPageSteps.java:21)
at com.creatio.crm.application.steps.LoginPageSteps.launchApplication(LoginPageSteps.java:21)
at com.creatio.crm.application.steps.LoginPageSteps.launchApplication(LoginPageSteps.java:21)
at com.creatio.crm.application.steps.LoginPageSteps.launchApplication(LoginPageSteps.java:21)
at com.creatio.crm.application.steps.LoginPageSteps.launchApplication(LoginPageSteps.java:21)
at com.creatio.crm.application.steps.LoginPageSteps.launchApplication(LoginPageSteps.java:21)
at com.creatio.crm.application.steps.LoginPageSteps.launchApplication(LoginPageSteps.java:21)
at com.creatio.crm.application.steps.LoginPageSteps.launchApplication(LoginPageSteps.java:21)
at com.creatio.crm.application.steps.LoginPageSteps.launchApplication(LoginPageSteps.java:21)
at com.creatio.crm.application.steps.LoginPageSteps.launchApplication(LoginPageSteps.java:21)
at com.creatio.crm.application.steps.LoginPageSteps.launchApplication(LoginPageSteps.java:21)
at com.creatio.crm.application.steps.LoginPageSteps.launchApplication(LoginPageSteps.java:21)
at com.creatio.crm.application.steps.LoginPageSteps.launchApplication(LoginPageSteps.java:21)
at com.creatio.crm.application.steps.LoginPageSteps.launchApplication(LoginPageSteps.java:21)
at com.creatio.crm.application.steps.LoginPageSteps.launchApplication(LoginPageSteps.java:21)
at com.creatio.crm.application.steps.LoginPageSteps.launchApplication(LoginPageSteps.java:21)
at com.creatio.crm.application.steps.LoginPageSteps.launchApplication(LoginPageSteps.java:21)
at com.creatio.crm.application.steps.LoginPageSteps.launchApplication(LoginPageSteps.java:21)
at com.creatio.crm.application.steps.LoginPageSteps.launchApplication(LoginPageSteps.java:21)
at com.creatio.crm.application.steps.LoginPageSteps.launchApplication(LoginPageSteps.java:21)
at com.creatio.crm.application.steps.LoginPageSteps.launchApplication(LoginPageSteps.java:21)
at com.creatio.crm.application.steps.LoginPageSteps.launchApplication(LoginPageSteps.java:21)
at com.creatio.crm.application.steps.LoginPageSteps.launchApplication(LoginPageSteps.java:21)
at com.creatio.crm.application.steps.LoginPageSteps.launchApplication(LoginPageSteps.java:21)
at com.creatio.crm.application.steps.LoginPageSteps.launchApplication(LoginPageSteps.java:21)
at com.creatio.crm.application.steps.LoginPageSteps.launchApplication(LoginPageSteps.java:21)
at com.creatio.crm.application.steps.LoginPageSteps.launchApplication(LoginPageSteps.java:21)
at com.creatio.crm.application.steps.LoginPageSteps.launchApplication(LoginPageSteps.java:21)
at com.creatio.crm.application.steps.LoginPageSteps.launchApplication(LoginPageSteps.java:21)
at com.creatio.crm.application.steps.LoginPageSteps.launchApplication(LoginPageSteps.java:21)
at com.creatio.crm.application.steps.LoginPageSteps.launchApplication(LoginPageSteps.java:21)
at com.creatio.crm.application.steps.LoginPageSteps.launchApplication(LoginPageSteps.java:21)
at com.creatio.crm.application.steps.LoginPageSteps.launchApplication(LoginPageSteps.java:21)
at com.creatio.crm.application.steps.LoginPageSteps.launchApplication(LoginPageSteps.java:21)
at com.creatio.crm.application.steps.LoginPageSteps.launchApplication(LoginPageSteps.java:21)
at com.creatio.crm.application.steps.LoginPageSteps.launchApplication(LoginPageSteps.java:21)
at com.creatio.crm.application.steps.LoginPageSteps.launchApplication(LoginPageSteps.java:21)
at com.creatio.crm.application.steps.LoginPageSteps.launchApplication(LoginPageSteps.java:21)
at com.creatio.crm.application.steps.LoginPageSteps.launchApplication(LoginPageSteps.java:21)
at com.creatio.crm.application.steps.LoginPageSteps.launchApplication(LoginPageSteps.java:21)
at com.creatio.crm.application.steps.LoginPageSteps.launchApplication(LoginPageSteps.java:21)
at com.creatio.crm.application.steps.LoginPageSteps.launchApplication(LoginPageSteps.java:21)
at com.creatio.crm.application.steps.LoginPageSteps.launchApplication(LoginPageSteps.java:21)
at com.creatio.crm.application.steps.LoginPageSteps.launchApplication(LoginPageSteps.java:21)
at com.creatio.crm.application.steps.LoginPageSteps.launchApplication(LoginPageSteps.java:21)
at com.creatio.crm.application.steps.LoginPageSteps.launchApplication(LoginPageSteps.java:21)
at com.creatio.crm.application.steps.LoginPageSteps.launchApplication(LoginPageSteps.java:21)
at com.creatio.crm.application.steps.LoginPageSteps.launchApplication(LoginPageSteps.java:21)
at com.creatio.crm.application.steps.LoginPageSteps.launchApplication(LoginPageSteps.java:21)
at com.creatio.crm.application.steps.LoginPageSteps.launchApplication(LoginPageSteps.java:21)
at com.creatio.crm.application.steps.LoginPageSteps.launchApplication(LoginPageSteps.java:21)
at com.creatio.crm.application.steps.LoginPageSteps.launchApplication(LoginPageSteps.java:21)
at com.creatio.crm.application.steps.LoginPageSteps.launchApplication(LoginPageSteps.java:21)
at com.creatio.crm.application.steps.LoginPageSteps.launchApplication(LoginPageSteps.java:21)
at com.creatio.crm.application.steps.LoginPageSteps.launchApplication(LoginPageSteps.java:21)
at com.creatio.crm.application.steps.LoginPageSteps.launchApplication(LoginPageSteps.java:21)
at com.creatio.crm.application.steps.LoginPageSteps.launchApplication(LoginPageSteps.java:21)
at com.creatio.crm.application.steps.LoginPageSteps.launchApplication(LoginPageSteps.java:21)
at com.creatio.crm.application.steps.LoginPageSteps.launchApplication(LoginPageSteps.java:21)
at com.creatio.crm.application.steps.LoginPageSteps.launchApplication(LoginPageSteps.java:21)
at com.creatio.crm.application.steps.LoginPageSteps.launchApplication(LoginPageSteps.java:21)
at com.creatio.crm.application.steps.LoginPageSteps.launchApplication(LoginPageSteps.java:21)
at com.creatio.crm.application.steps.LoginPageSteps.launchApplication(LoginPageSteps.java:21)
at com.creatio.crm.application.steps.LoginPageSteps.launchApplication(LoginPageSteps.java:21)
at com.creatio.crm.application.steps.LoginPageSteps.launchApplication(LoginPageSteps.java:21)
at com.creatio.crm.application.steps.LoginPageSteps.launchApplication(LoginPageSteps.java:21)
at com.creatio.crm.application.steps.LoginPageSteps.launchApplication(LoginPageSteps.java:21)
at com.creatio.crm.application.steps.LoginPageSteps.launchApplication(LoginPageSteps.java:21)
at com.creatio.crm.application.steps.LoginPageSteps.launchApplication(LoginPageSteps.java:21)
at com.creatio.crm.application.steps.LoginPageSteps.launchApplication(LoginPageSteps.java:21)
at com.creatio.crm.application.steps.LoginPageSteps.launchApplication(LoginPageSteps.java:21)
at com.creatio.crm.application.steps.LoginPageSteps.launchApplication(LoginPageSteps.java:21)
at com.creatio.crm.application.steps.LoginPageSteps.launchApplication(LoginPageSteps.java:21)
at com.creatio.crm.application.steps.LoginPageSteps.launchApplication(LoginPageSteps.java:21)
at com.creatio.crm.application.steps.LoginPageSteps.launchApplication(LoginPageSteps.java:21)
at com.creatio.crm.application.steps.LoginPageSteps.launchApplication(LoginPageSteps.java:21)
at com.creatio.crm.application.steps.LoginPageSteps.launchApplication(LoginPageSteps.java:21)
at com.creatio.crm.application.steps.LoginPageSteps.launchApplication(LoginPageSteps.java:21)
at com.creatio.crm.application.steps.LoginPageSteps.launchApplication(LoginPageSteps.java:21)
at com.creatio.crm.application.steps.LoginPageSteps.launchApplication(LoginPageSteps.java:21)
at com.creatio.crm.application.steps.LoginPageSteps.launchApplication(LoginPageSteps.java:21)
at com.creatio.crm.application.steps.LoginPageSteps.launchApplication(LoginPageSteps.java:21)
at com.creatio.crm.application.steps.LoginPageSteps.launchApplication(LoginPageSteps.java:21)
at com.creatio.crm.application.steps.LoginPageSteps.launchApplication(LoginPageSteps.java:21)
at com.creatio.crm.application.steps.LoginPageSteps.launchApplication(LoginPageSteps.java:21)
at com.creatio.crm.application.steps.LoginPageSteps.launchApplication(LoginPageSteps.java:21)
at com.creatio.crm.application.steps.LoginPageSteps.launchApplication(LoginPageSteps.java:21)
at com.creatio.crm.application.steps.LoginPageSteps.launchApplication(LoginPageSteps.java:21)
at com.creatio.crm.application.steps.LoginPageSteps.launchApplication(LoginPageSteps.java:21)
at com.creatio.crm.application.steps.LoginPageSteps.launchApplication(LoginPageSteps.java:21)
at com.creatio.crm.application.steps.LoginPageSteps.launchApplication(LoginPageSteps.java:21)
at com.creatio.crm.application.steps.LoginPageSteps.launchApplication(LoginPageSteps.java:21)
at com.creatio.crm.application.steps.LoginPageSteps.launchApplication(LoginPageSteps.java:21)
at com.creatio.crm.application.steps.LoginPageSteps.launchApplication(LoginPageSteps.java:21)
at com.creatio.crm.application.steps.LoginPageSteps.launchApplication(LoginPageSteps.java:21)
at com.creatio.crm.application.steps.LoginPageSteps.launchApplication(LoginPageSteps.java:21)
at com.creatio.crm.application.steps.LoginPageSteps.launchApplication(LoginPageSteps.java:21)
at com.creatio.crm.application.steps.LoginPageSteps.launchApplication(LoginPageSteps.java:21)
at com.creatio.crm.application.steps.LoginPageSteps.launchApplication(LoginPageSteps.java:21)
at com.creatio.crm.application.steps.LoginPageSteps.launchApplication(LoginPageSteps.java:21)
at com.creatio.crm.application.steps.LoginPageSteps.launchApplication(LoginPageSteps.java:21)
at com.creatio.crm.application.steps.LoginPageSteps.launchApplication(LoginPageSteps.java:21)
at com.creatio.crm.application.steps.LoginPageSteps.launchApplication(LoginPageSteps.java:21)
at com.creatio.crm.application.steps.LoginPageSteps.launchApplication(LoginPageSteps.java:21)
at com.creatio.crm.application.steps.LoginPageSteps.launchApplication(LoginPageSteps.java:21)
at com.creatio.crm.application.steps.LoginPageSteps.launchApplication(LoginPageSteps.java:21)
at com.creatio.crm.application.steps.LoginPageSteps.launchApplication(LoginPageSteps.java:21)
at com.creatio.crm.application.steps.LoginPageSteps.launchApplication(LoginPageSteps.java:21)
at com.creatio.crm.application.steps.LoginPageSteps.launchApplication(LoginPageSteps.java:21)
at com.creatio.crm.application.steps.LoginPageSteps.launchApplication(LoginPageSteps.java:21)
at com.creatio.crm.application.steps.LoginPageSteps.launchApplication(LoginPageSteps.java:21)
at com.creatio.crm.application.steps.LoginPageSteps.launchApplication(LoginPageSteps.java:21)
at com.creatio.crm.application.steps.LoginPageSteps.launchApplication(LoginPageSteps.java:21)
at com.creatio.crm.application.steps.LoginPageSteps.launchApplication(LoginPageSteps.java:21)
at com.creatio.crm.application.steps.LoginPageSteps.launchApplication(LoginPageSteps.java:21)
at com.creatio.crm.application.steps.LoginPageSteps.launchApplication(LoginPageSteps.java:21)
at com.creatio.crm.application.steps.LoginPageSteps.launchApplication(LoginPageSteps.java:21)
at com.creatio.crm.application.steps.LoginPageSteps.launchApplication(LoginPageSteps.java:21)
at com.creatio.crm.application.steps.LoginPageSteps.launchApplication(LoginPageSteps.java:21)
at com.creatio.crm.application.steps.LoginPageSteps.launchApplication(LoginPageSteps.java:21)
at com.creatio.crm.application.steps.LoginPageSteps.launchApplication(LoginPageSteps.java:21)
at com.creatio.crm.application.steps.LoginPageSteps.launchApplication(LoginPageSteps.java:21)
at com.creatio.crm.application.steps.LoginPageSteps.launchApplication(LoginPageSteps.java:21)
at com.creatio.crm.application.steps.LoginPageSteps.launchApplication(LoginPageSteps.java:21)
at com.creatio.crm.application.steps.LoginPageSteps.launchApplication(LoginPageSteps.java:21)
at com.creatio.crm.application.steps.LoginPageSteps.launchApplication(LoginPageSteps.java:21)
at com.creatio.crm.application.steps.LoginPageSteps.launchApplication(LoginPageSteps.java:21)
at com.creatio.crm.application.steps.LoginPageSteps.launchApplication(LoginPageSteps.java:21)
at com.creatio.crm.application.steps.LoginPageSteps.launchApplication(LoginPageSteps.java:21)
at com.creatio.crm.application.steps.LoginPageSteps.launchApplication(LoginPageSteps.java:21)
at com.creatio.crm.application.steps.LoginPageSteps.launchApplication(LoginPageSteps.java:21)
at com.creatio.crm.application.steps.LoginPageSteps.launchApplication(LoginPageSteps.java:21)
at com.creatio.crm.application.steps.LoginPageSteps.launchApplication(LoginPageSteps.java:21)
at com.creatio.crm.application.steps.LoginPageSteps.launchApplication(LoginPageSteps.java:21)
at com.creatio.crm.application.steps.LoginPageSteps.launchApplication(LoginPageSteps.java:21)
at com.creatio.crm.application.steps.LoginPageSteps.launchApplication(LoginPageSteps.java:21)
at com.creatio.crm.application.steps.LoginPageSteps.launchApplication(LoginPageSteps.java:21)
at com.creatio.crm.application.steps.LoginPageSteps.launchApplication(LoginPageSteps.java:21)
at com.creatio.crm.application.steps.LoginPageSteps.launchApplication(LoginPageSteps.java:21)
at com.creatio.crm.application.steps.LoginPageSteps.launchApplication(LoginPageSteps.java:21)
at com.creatio.crm.application.steps.LoginPageSteps.launchApplication(LoginPageSteps.java:21)
at com.creatio.crm.application.steps.LoginPageSteps.launchApplication(LoginPageSteps.java:21)
at com.creatio.crm.application.steps.LoginPageSteps.launchApplication(LoginPageSteps.java:21)
at com.creatio.crm.application.steps.LoginPageSteps.launchApplication(LoginPageSteps.java:21)
at com.creatio.crm.application.steps.LoginPageSteps.launchApplication(LoginPageSteps.java:21)
at com.creatio.crm.application.steps.LoginPageSteps.launchApplication(LoginPageSteps.java:21)
at com.creatio.crm.application.steps.LoginPageSteps.launchApplication(LoginPageSteps.java:21)
at com.creatio.crm.application.steps.LoginPageSteps.launchApplication(LoginPageSteps.java:21)
at com.creatio.crm.application.steps.LoginPageSteps.launchApplication(LoginPageSteps.java:21)
at com.creatio.crm.application.steps.LoginPageSteps.launchApplication(LoginPageSteps.java:21)
at com.creatio.crm.application.steps.LoginPageSteps.launchApplication(LoginPageSteps.java:21)
at com.creatio.crm.application.steps.LoginPageSteps.launchApplication(LoginPageSteps.java:21)
at com.creatio.crm.application.steps.LoginPageSteps.launchApplication(LoginPageSteps.java:21)
at com.creatio.crm.application.steps.LoginPageSteps.launchApplication(LoginPageSteps.java:21)
at com.creatio.crm.application.steps.LoginPageSteps.launchApplication(LoginPageSteps.java:21)
at com.creatio.crm.application.steps.LoginPageSteps.launchApplication(LoginPageSteps.java:21)
at com.creatio.crm.application.steps.LoginPageSteps.launchApplication(LoginPageSteps.java:21)
at com.creatio.crm.application.steps.LoginPageSteps.launchApplication(LoginPageSteps.java:21)
at com.creatio.crm.application.steps.LoginPageSteps.launchApplication(LoginPageSteps.java:21)
at com.creatio.crm.application.steps.LoginPageSteps.launchApplication(LoginPageSteps.java:21)
at com.creatio.crm.application.steps.LoginPageSteps.launchApplication(LoginPageSteps.java:21)
at com.creatio.crm.application.steps.LoginPageSteps.launchApplication(LoginPageSteps.java:21)
at com.creatio.crm.application.steps.LoginPageSteps.launchApplication(LoginPageSteps.java:21)
at com.creatio.crm.application.steps.LoginPageSteps.launchApplication(LoginPageSteps.java:21)
at com.creatio.crm.application.steps.LoginPageSteps.launchApplication(LoginPageSteps.java:21)
at com.creatio.crm.application.steps.LoginPageSteps.launchApplication(LoginPageSteps.java:21)
at com.creatio.crm.application.steps.LoginPageSteps.launchApplication(LoginPageSteps.java:21)
at com.creatio.crm.application.steps.LoginPageSteps.launchApplication(LoginPageSteps.java:21)
at com.creatio.crm.application.steps.LoginPageSteps.launchApplication(LoginPageSteps.java:21)
at com.creatio.crm.application.steps.LoginPageSteps.launchApplication(LoginPageSteps.java:21)
at com.creatio.crm.application.steps.LoginPageSteps.launchApplication(LoginPageSteps.java:21)
at com.creatio.crm.application.steps.LoginPageSteps.launchApplication(LoginPageSteps.java:21)
at com.creatio.crm.application.steps.LoginPageSteps.launchApplication(LoginPageSteps.java:21)
at com.creatio.crm.application.steps.LoginPageSteps.launchApplication(LoginPageSteps.java:21)
at com.creatio.crm.application.steps.LoginPageSteps.launchApplication(LoginPageSteps.java:21)
at com.creatio.crm.application.steps.LoginPageSteps.launchApplication(LoginPageSteps.java:21)
at com.creatio.crm.application.steps.LoginPageSteps.launchApplication(LoginPageSteps.java:21)
at com.creatio.crm.application.steps.LoginPageSteps.launchApplication(LoginPageSteps.java:21)
at com.creatio.crm.application.steps.LoginPageSteps.launchApplication(LoginPageSteps.java:21)
at com.creatio.crm.application.steps.LoginPageSteps.launchApplication(LoginPageSteps.java:21)
at com.creatio.crm.application.steps.LoginPageSteps.launchApplication(LoginPageSteps.java:21)
at com.creatio.crm.application.steps.LoginPageSteps.launchApplication(LoginPageSteps.java:21)
at com.creatio.crm.application.steps.LoginPageSteps.launchApplication(LoginPageSteps.java:21)
at com.creatio.crm.application.steps.LoginPageSteps.launchApplication(LoginPageSteps.java:21)
at com.creatio.crm.application.steps.LoginPageSteps.launchApplication(LoginPageSteps.java:21)
at com.creatio.crm.application.steps.LoginPageSteps.launchApplication(LoginPageSteps.java:21)
at com.creatio.crm.application.steps.LoginPageSteps.launchApplication(LoginPageSteps.java:21)
at com.creatio.crm.application.steps.LoginPageSteps.launchApplication(LoginPageSteps.java:21)
at com.creatio.crm.application.steps.LoginPageSteps.launchApplication(LoginPageSteps.java:21)
at com.creatio.crm.application.steps.LoginPageSteps.launchApplication(LoginPageSteps.java:21)
at com.creatio.crm.application.steps.LoginPageSteps.launchApplication(LoginPageSteps.java:21)
at com.creatio.crm.application.steps.LoginPageSteps.launchApplication(LoginPageSteps.java:21)
at com.creatio.crm.application.steps.LoginPageSteps.launchApplication(LoginPageSteps.java:21)
at com.creatio.crm.application.steps.LoginPageSteps.launchApplication(LoginPageSteps.java:21)
at com.creatio.crm.application.steps.LoginPageSteps.launchApplication(LoginPageSteps.java:21)
at com.creatio.crm.application.steps.LoginPageSteps.launchApplication(LoginPageSteps.java:21)
at com.creatio.crm.application.steps.LoginPageSteps.launchApplication(LoginPageSteps.java:21)
at com.creatio.crm.application.steps.LoginPageSteps.launchApplication(LoginPageSteps.java:21)
at com.creatio.crm.application.steps.LoginPageSteps.launchApplication(LoginPageSteps.java:21)
at com.creatio.crm.application.steps.LoginPageSteps.launchApplication(LoginPageSteps.java:21)
at com.creatio.crm.application.steps.LoginPageSteps.launchApplication(LoginPageSteps.java:21)
at com.creatio.crm.application.steps.LoginPageSteps.launchApplication(LoginPageSteps.java:21)
at com.creatio.crm.application.steps.LoginPageSteps.launchApplication(LoginPageSteps.java:21)
at com.creatio.crm.application.steps.LoginPageSteps.launchApplication(LoginPageSteps.java:21)
at com.creatio.crm.application.steps.LoginPageSteps.launchApplication(LoginPageSteps.java:21)
at com.creatio.crm.application.steps.LoginPageSteps.launchApplication(LoginPageSteps.java:21)
at com.creatio.crm.application.steps.LoginPageSteps.launchApplication(LoginPageSteps.java:21)
at com.creatio.crm.application.steps.LoginPageSteps.launchApplication(LoginPageSteps.java:21)
at com.creatio.crm.application.steps.LoginPageSteps.launchApplication(LoginPageSteps.java:21)
at com.creatio.crm.application.steps.LoginPageSteps.launchApplication(LoginPageSteps.java:21)
at com.creatio.crm.application.steps.LoginPageSteps.launchApplication(LoginPageSteps.java:21)
at com.creatio.crm.application.steps.LoginPageSteps.launchApplication(LoginPageSteps.java:21)
at com.creatio.crm.application.steps.LoginPageSteps.launchApplication(LoginPageSteps.java:21)
at com.creatio.crm.application.steps.LoginPageSteps.launchApplication(LoginPageSteps.java:21)
at com.creatio.crm.application.steps.LoginPageSteps.launchApplication(LoginPageSteps.java:21)
at com.creatio.crm.application.steps.LoginPageSteps.launchApplication(LoginPageSteps.java:21)
at com.creatio.crm.application.steps.LoginPageSteps.launchApplication(LoginPageSteps.java:21)
at com.creatio.crm.application.steps.LoginPageSteps.launchApplication(LoginPageSteps.java:21)
at com.creatio.crm.application.steps.LoginPageSteps.launchApplication(LoginPageSteps.java:21)
at com.creatio.crm.application.steps.LoginPageSteps.launchApplication(LoginPageSteps.java:21)
at com.creatio.crm.application.steps.LoginPageSteps.launchApplication(LoginPageSteps.java:21)
at com.creatio.crm.application.steps.LoginPageSteps.launchApplication(LoginPageSteps.java:21)
at com.creatio.crm.application.steps.LoginPageSteps.launchApplication(LoginPageSteps.java:21)
at com.creatio.crm.application.steps.LoginPageSteps.launchApplication(LoginPageSteps.java:21)
at com.creatio.crm.application.steps.LoginPageSteps.launchApplication(LoginPageSteps.java:21)
at com.creatio.crm.application.steps.LoginPageSteps.launchApplication(LoginPageSteps.java:21)
at com.creatio.crm.application.steps.LoginPageSteps.launchApplication(LoginPageSteps.java:21)
at com.creatio.crm.application.steps.LoginPageSteps.launchApplication(LoginPageSteps.java:21)
at com.creatio.crm.application.steps.LoginPageSteps.launchApplication(LoginPageSteps.java:21)
at com.creatio.crm.application.steps.LoginPageSteps.launchApplication(LoginPageSteps.java:21)
at com.creatio.crm.application.steps.LoginPageSteps.launchApplication(LoginPageSteps.java:21)
at com.creatio.crm.application.steps.LoginPageSteps.launchApplication(LoginPageSteps.java:21)
at com.creatio.crm.application.steps.LoginPageSteps.launchApplication(LoginPageSteps.java:21)
at com.creatio.crm.application.steps.LoginPageSteps.launchApplication(LoginPageSteps.java:21)
at com.creatio.crm.application.steps.LoginPageSteps.launchApplication(LoginPageSteps.java:21)
at com.creatio.crm.application.steps.LoginPageSteps.launchApplication(LoginPageSteps.java:21)
at com.creatio.crm.application.steps.LoginPageSteps.launchApplication(LoginPageSteps.java:21)
at com.creatio.crm.application.steps.LoginPageSteps.launchApplication(LoginPageSteps.java:21)
at com.creatio.crm.application.steps.LoginPageSteps.launchApplication(LoginPageSteps.java:21)
at com.creatio.crm.application.steps.LoginPageSteps.launchApplication(LoginPageSteps.java:21)
at com.creatio.crm.application.steps.LoginPageSteps.launchApplication(LoginPageSteps.java:21)
at com.creatio.crm.application.steps.LoginPageSteps.launchApplication(LoginPageSteps.java:21)
at com.creatio.crm.application.steps.LoginPageSteps.launchApplication(LoginPageSteps.java:21)
at com.creatio.crm.application.steps.LoginPageSteps.launchApplication(LoginPageSteps.java:21)
at com.creatio.crm.application.steps.LoginPageSteps.launchApplication(LoginPageSteps.java:21)
at com.creatio.crm.application.steps.LoginPageSteps.launchApplication(LoginPageSteps.java:21)
at com.creatio.crm.application.steps.LoginPageSteps.launchApplication(LoginPageSteps.java:21)
at com.creatio.crm.application.steps.LoginPageSteps.launchApplication(LoginPageSteps.java:21)
at com.creatio.crm.application.steps.LoginPageSteps.launchApplication(LoginPageSteps.java:21)
at com.creatio.crm.application.steps.LoginPageSteps.launchApplication(LoginPageSteps.java:21)
at com.creatio.crm.application.steps.LoginPageSteps.launchApplication(LoginPageSteps.java:21)
at com.creatio.crm.application.steps.LoginPageSteps.launchApplication(LoginPageSteps.java:21)
at com.creatio.crm.application.steps.LoginPageSteps.launchApplication(LoginPageSteps.java:21)
at com.creatio.crm.application.steps.LoginPageSteps.launchApplication(LoginPageSteps.java:21)
at com.creatio.crm.application.steps.LoginPageSteps.launchApplication(LoginPageSteps.java:21)
at com.creatio.crm.application.steps.LoginPageSteps.launchApplication(LoginPageSteps.java:21)
at com.creatio.crm.application.steps.LoginPageSteps.launchApplication(LoginPageSteps.java:21)
at com.creatio.crm.application.steps.LoginPageSteps.launchApplication(LoginPageSteps.java:21)
at com.creatio.crm.application.steps.LoginPageSteps.launchApplication(LoginPageSteps.java:21)
at com.creatio.crm.application.steps.LoginPageSteps.launchApplication(LoginPageSteps.java:21)
at com.creatio.crm.application.steps.LoginPageSteps.launchApplication(LoginPageSteps.java:21)
at com.creatio.crm.application.steps.LoginPageSteps.launchApplication(LoginPageSteps.java:21)
at com.creatio.crm.application.steps.LoginPageSteps.launchApplication(LoginPageSteps.java:21)
at com.creatio.crm.application.steps.LoginPageSteps.launchApplication(LoginPageSteps.java:21)
at com.creatio.crm.application.steps.LoginPageSteps.launchApplication(LoginPageSteps.java:21)
at com.creatio.crm.application.steps.LoginPageSteps.launchApplication(LoginPageSteps.java:21)
at com.creatio.crm.application.steps.LoginPageSteps.launchApplication(LoginPageSteps.java:21)
at com.creatio.crm.application.steps.LoginPageSteps.launchApplication(LoginPageSteps.java:21)
at com.creatio.crm.application.steps.LoginPageSteps.launchApplication(LoginPageSteps.java:21)
at com.creatio.crm.application.steps.LoginPageSteps.launchApplication(LoginPageSteps.java:21)
at com.creatio.crm.application.steps.LoginPageSteps.launchApplication(LoginPageSteps.java:21)
at com.creatio.crm.application.steps.LoginPageSteps.launchApplication(LoginPageSteps.java:21)
at com.creatio.crm.application.steps.LoginPageSteps.launchApplication(LoginPageSteps.java:21)
at com.creatio.crm.application.steps.LoginPageSteps.launchApplication(LoginPageSteps.java:21)
at com.creatio.crm.application.steps.LoginPageSteps.launchApplication(LoginPageSteps.java:21)
at com.creatio.crm.application.steps.LoginPageSteps.launchApplication(LoginPageSteps.java:21)
at com.creatio.crm.application.steps.LoginPageSteps.launchApplication(LoginPageSteps.java:21)
at com.creatio.crm.application.steps.LoginPageSteps.launchApplication(LoginPageSteps.java:21)
at com.creatio.crm.application.steps.LoginPageSteps.launchApplication(LoginPageSteps.java:21)
at com.creatio.crm.application.steps.LoginPageSteps.launchApplication(LoginPageSteps.java:21)
at com.creatio.crm.application.steps.LoginPageSteps.launchApplication(LoginPageSteps.java:21)
at com.creatio.crm.application.steps.LoginPageSteps.launchApplication(LoginPageSteps.java:21)
at com.creatio.crm.application.steps.LoginPageSteps.launchApplication(LoginPageSteps.java:21)
at com.creatio.crm.application.steps.LoginPageSteps.launchApplication(LoginPageSteps.java:21)
at com.creatio.crm.application.steps.LoginPageSteps.launchApplication(LoginPageSteps.java:21)
at com.creatio.crm.application.steps.LoginPageSteps.launchApplication(LoginPageSteps.java:21)
at com.creatio.crm.application.steps.LoginPageSteps.launchApplication(LoginPageSteps.java:21)
at com.creatio.crm.application.steps.LoginPageSteps.launchApplication(LoginPageSteps.java:21)
at com.creatio.crm.application.steps.LoginPageSteps.launchApplication(LoginPageSteps.java:21)
at com.creatio.crm.application.steps.LoginPageSteps.launchApplication(LoginPageSteps.java:21)
at com.creatio.crm.application.steps.LoginPageSteps.launchApplication(LoginPageSteps.java:21)
at com.creatio.crm.application.steps.LoginPageSteps.launchApplication(LoginPageSteps.java:21)
at com.creatio.crm.application.steps.LoginPageSteps.launchApplication(LoginPageSteps.java:21)
at com.creatio.crm.application.steps.LoginPageSteps.launchApplication(LoginPageSteps.java:21)
at com.creatio.crm.application.steps.LoginPageSteps.launchApplication(LoginPageSteps.java:21)
at com.creatio.crm.application.steps.LoginPageSteps.launchApplication(LoginPageSteps.java:21)
at com.creatio.crm.application.steps.LoginPageSteps.launchApplication(LoginPageSteps.java:21)
at com.creatio.crm.application.steps.LoginPageSteps.launchApplication(LoginPageSteps.java:21)
at com.creatio.crm.application.steps.LoginPageSteps.launchApplication(LoginPageSteps.java:21)
at com.creatio.crm.application.steps.LoginPageSteps.launchApplication(LoginPageSteps.java:21)
at com.creatio.crm.application.steps.LoginPageSteps.launchApplication(LoginPageSteps.java:21)
at com.creatio.crm.application.steps.LoginPageSteps.launchApplication(LoginPageSteps.java:21)
at com.creatio.crm.application.steps.LoginPageSteps.launchApplication(LoginPageSteps.java:21)
at com.creatio.crm.application.steps.LoginPageSteps.launchApplication(LoginPageSteps.java:21)
at com.creatio.crm.application.steps.LoginPageSteps.launchApplication(LoginPageSteps.java:21)
at com.creatio.crm.application.steps.LoginPageSteps.launchApplication(LoginPageSteps.java:21)
at com.creatio.crm.application.steps.LoginPageSteps.launchApplication(LoginPageSteps.java:21)
at com.creatio.crm.application.steps.LoginPageSteps.launchApplication(LoginPageSteps.java:21)
at com.creatio.crm.application.steps.LoginPageSteps.launchApplication(LoginPageSteps.java:21)
at com.creatio.crm.application.steps.LoginPageSteps.launchApplication(LoginPageSteps.java:21)
at com.creatio.crm.application.steps.LoginPageSteps.launchApplication(LoginPageSteps.java:21)
at com.creatio.crm.application.steps.LoginPageSteps.launchApplication(LoginPageSteps.java:21)
at com.creatio.crm.application.steps.LoginPageSteps.launchApplication(LoginPageSteps.java:21)
at com.creatio.crm.application.steps.LoginPageSteps.launchApplication(LoginPageSteps.java:21)
at com.creatio.crm.application.steps.LoginPageSteps.launchApplication(LoginPageSteps.java:21)
at com.creatio.crm.application.steps.LoginPageSteps.launchApplication(LoginPageSteps.java:21)
at com.creatio.crm.application.steps.LoginPageSteps.launchApplication(LoginPageSteps.java:21)
at com.creatio.crm.application.steps.LoginPageSteps.launchApplication(LoginPageSteps.java:21)
at com.creatio.crm.application.steps.LoginPageSteps.launchApplication(LoginPageSteps.java:21)
at com.creatio.crm.application.steps.LoginPageSteps.launchApplication(LoginPageSteps.java:21)
at com.creatio.crm.application.steps.LoginPageSteps.launchApplication(LoginPageSteps.java:21)
at com.creatio.crm.application.steps.LoginPageSteps.launchApplication(LoginPageSteps.java:21)
at com.creatio.crm.application.steps.LoginPageSteps.launchApplication(LoginPageSteps.java:21)
at com.creatio.crm.application.steps.LoginPageSteps.launchApplication(LoginPageSteps.java:21)
at com.creatio.crm.application.steps.LoginPageSteps.launchApplication(LoginPageSteps.java:21)
at com.creatio.crm.application.steps.LoginPageSteps.launchApplication(LoginPageSteps.java:21)
at com.creatio.crm.application.steps.LoginPageSteps.launchApplication(LoginPageSteps.java:21)
at com.creatio.crm.application.steps.LoginPageSteps.launchApplication(LoginPageSteps.java:21)
at com.creatio.crm.application.steps.LoginPageSteps.launchApplication(LoginPageSteps.java:21)
at com.creatio.crm.application.steps.LoginPageSteps.launchApplication(LoginPageSteps.java:21)
at com.creatio.crm.application.steps.LoginPageSteps.launchApplication(LoginPageSteps.java:21)
at com.creatio.crm.application.steps.LoginPageSteps.launchApplication(LoginPageSteps.java:21)
at com.creatio.crm.application.steps.LoginPageSteps.launchApplication(LoginPageSteps.java:21)
at com.creatio.crm.application.steps.LoginPageSteps.launchApplication(LoginPageSteps.java:21)
at com.creatio.crm.application.steps.LoginPageSteps.launchApplication(LoginPageSteps.java:21)
at com.creatio.crm.application.steps.LoginPageSteps.launchApplication(LoginPageSteps.java:21)
at com.creatio.crm.application.steps.LoginPageSteps.launchApplication(LoginPageSteps.java:21)
at com.creatio.crm.application.steps.LoginPageSteps.launchApplication(LoginPageSteps.java:21)
at com.creatio.crm.application.steps.LoginPageSteps.launchApplication(LoginPageSteps.java:21)
at com.creatio.crm.application.steps.LoginPageSteps.launchApplication(LoginPageSteps.java:21)
at com.creatio.crm.application.steps.LoginPageSteps.launchApplication(LoginPageSteps.java:21)
at com.creatio.crm.application.steps.LoginPageSteps.launchApplication(LoginPageSteps.java:21)
at com.creatio.crm.application.steps.LoginPageSteps.launchApplication(LoginPageSteps.java:21)
at com.creatio.crm.application.steps.LoginPageSteps.launchApplication(LoginPageSteps.java:21)
at com.creatio.crm.application.steps.LoginPageSteps.launchApplication(LoginPageSteps.java:21)
at com.creatio.crm.application.steps.LoginPageSteps.launchApplication(LoginPageSteps.java:21)
at com.creatio.crm.application.steps.LoginPageSteps.launchApplication(LoginPageSteps.java:21)
at com.creatio.crm.application.steps.LoginPageSteps.launchApplication(LoginPageSteps.java:21)
at com.creatio.crm.application.steps.LoginPageSteps.launchApplication(LoginPageSteps.java:21)
at com.creatio.crm.application.steps.LoginPageSteps.launchApplication(LoginPageSteps.java:21)
at com.creatio.crm.application.steps.LoginPageSteps.launchApplication(LoginPageSteps.java:21)
at com.creatio.crm.application.steps.LoginPageSteps.launchApplication(LoginPageSteps.java:21)
[...]
at com.creatio.crm.application.steps.LoginPageSteps.launchApplication(LoginPageSteps.java:21)
at com.creatio.crm.application.steps.LoginPageSteps.launchApplication(LoginPageSteps.java:21)
at com.creatio.crm.application.steps.LoginPageSteps.launchApplication(LoginPageSteps.java:21)
at com.creatio.crm.application.steps.LoginPageSteps.launchApplication(LoginPageSteps.java:21)
at com.creatio.crm.application.steps.LoginPageSteps.launchApplication(LoginPageSteps.java:21)
at com.creatio.crm.application.steps.LoginPageSteps.launchApplication(LoginPageSteps.java:21)
at com.creatio.crm.application.steps.LoginPageSteps.launchApplication(LoginPageSteps.java:21)
at com.creatio.crm.application.steps.LoginPageSteps.launchApplication(LoginPageSteps.java:21)
at com.creatio.crm.application.steps.LoginPageSteps.launchApplication(LoginPageSteps.java:21)
at com.creatio.crm.application.steps.LoginPageSteps.launchApplication(LoginPageSteps.java:21)
at com.creatio.crm.application.steps.LoginPageSteps.launchApplication(LoginPageSteps.java:21)
at com.creatio.crm.application.steps.LoginPageSteps.launchApplication(LoginPageSteps.java:21)
at com.creatio.crm.application.steps.LoginPageSteps.launchApplication(LoginPageSteps.java:21)
at com.creatio.crm.application.steps.LoginPageSteps.launchApplication(LoginPageSteps.java:21)
at com.creatio.crm.application.steps.LoginPageSteps.launchApplication(LoginPageSteps.java:21)
at com.creatio.crm.application.steps.LoginPageSteps.launchApplication(LoginPageSteps.java:21)
at com.creatio.crm.application.steps.LoginPageSteps.launchApplication(LoginPageSteps.java:21)
at com.creatio.crm.application.steps.LoginPageSteps.launchApplication(LoginPageSteps.java:21)
at com.creatio.crm.application.steps.LoginPageSteps.launchApplication(LoginPageSteps.java:21)
at com.creatio.crm.application.steps.LoginPageSteps.launchApplication(LoginPageSteps.java:21)
at com.creatio.crm.application.steps.LoginPageSteps.launchApplication(LoginPageSteps.java:21)
at com.creatio.crm.application.steps.LoginPageSteps.launchApplication(LoginPageSteps.java:21)
at com.creatio.crm.application.steps.LoginPageSteps.launchApplication(LoginPageSteps.java:21)
at com.creatio.crm.application.steps.LoginPageSteps.launchApplication(LoginPageSteps.java:21)
at com.creatio.crm.application.steps.LoginPageSteps.launchApplication(LoginPageSteps.java:21)
at com.creatio.crm.application.steps.LoginPageSteps.launchApplication(LoginPageSteps.java:21)
at com.creatio.crm.application.steps.LoginPageSteps.launchApplication(LoginPageSteps.java:21)
at com.creatio.crm.application.steps.LoginPageSteps.launchApplication(LoginPageSteps.java:21)
at com.creatio.crm.application.steps.LoginPageSteps.launchApplication(LoginPageSteps.java:21)
at com.creatio.crm.application.steps.LoginPageSteps.launchApplication(LoginPageSteps.java:21)
at com.creatio.crm.application.steps.LoginPageSteps.launchApplication(LoginPageSteps.java:21)
at com.creatio.crm.application.steps.LoginPageSteps.launchApplication(LoginPageSteps.java:21)
at com.creatio.crm.application.steps.LoginPageSteps.launchApplication(LoginPageSteps.java:21)
at com.creatio.crm.application.steps.LoginPageSteps.launchApplication(LoginPageSteps.java:21)
at com.creatio.crm.application.steps.LoginPageSteps.launchApplication(LoginPageSteps.java:21)
at com.creatio.crm.application.steps.LoginPageSteps.launchApplication(LoginPageSteps.java:21)
at com.creatio.crm.application.steps.LoginPageSteps.launchApplication(LoginPageSteps.java:21)
at com.creatio.crm.application.steps.LoginPageSteps.launchApplication(LoginPageSteps.java:21)
at com.creatio.crm.application.steps.LoginPageSteps.launchApplication(LoginPageSteps.java:21)
at com.creatio.crm.application.steps.LoginPageSteps.launchApplication(LoginPageSteps.java:21)
at com.creatio.crm.application.steps.LoginPageSteps.launchApplication(LoginPageSteps.java:21)
at com.creatio.crm.application.steps.LoginPageSteps.launchApplication(LoginPageSteps.java:21)
at com.creatio.crm.application.steps.LoginPageSteps.launchApplication(LoginPageSteps.java:21)
at com.creatio.crm.application.steps.LoginPageSteps.launchApplication(LoginPageSteps.java:21)
at com.creatio.crm.application.steps.LoginPageSteps.launchApplication(LoginPageSteps.java:21)
at com.creatio.crm.application.steps.LoginPageSteps.launchApplication(LoginPageSteps.java:21)
at com.creatio.crm.application.steps.LoginPageSteps.launchApplication(LoginPageSteps.java:21)
at com.creatio.crm.application.steps.LoginPageSteps.launchApplication(LoginPageSteps.java:21)
at com.creatio.crm.application.steps.LoginPageSteps.launchApplication(LoginPageSteps.java:21)
at com.creatio.crm.application.steps.LoginPageSteps.launchApplication(LoginPageSteps.java:21)
at com.creatio.crm.application.steps.LoginPageSteps.launchApplication(LoginPageSteps.java:21)
at com.creatio.crm.application.steps.LoginPageSteps.launchApplication(LoginPageSteps.java:21)
at com.creatio.crm.application.steps.LoginPageSteps.launchApplication(LoginPageSteps.java:21)
at com.creatio.crm.application.steps.LoginPageSteps.launchApplication(LoginPageSteps.java:21)
at com.creatio.crm.application.steps.LoginPageSteps.launchApplication(LoginPageSteps.java:21)
at com.creatio.crm.application.steps.LoginPageSteps.launchApplication(LoginPageSteps.java:21)
at com.creatio.crm.application.steps.LoginPageSteps.launchApplication(LoginPageSteps.java:21)
at com.creatio.crm.application.steps.LoginPageSteps.launchApplication(LoginPageSteps.java:21)
at com.creatio.crm.application.steps.LoginPageSteps.launchApplication(LoginPageSteps.java:21)
at com.creatio.crm.application.steps.LoginPageSteps.launchApplication(LoginPageSteps.java:21)
at com.creatio.crm.application.steps.LoginPageSteps.launchApplication(LoginPageSteps.java:21)
at com.creatio.crm.application.steps.LoginPageSteps.launchApplication(LoginPageSteps.java:21)
at com.creatio.crm.application.steps.LoginPageSteps.launchApplication(LoginPageSteps.java:21)
at com.creatio.crm.application.steps.LoginPageSteps.launchApplication(LoginPageSteps.java:21)
at com.creatio.crm.application.steps.LoginPageSteps.launchApplication(LoginPageSteps.java:21)
at com.creatio.crm.application.steps.LoginPageSteps.launchApplication(LoginPageSteps.java:21)
at com.creatio.crm.application.steps.LoginPageSteps.launchApplication(LoginPageSteps.java:21)
at com.creatio.crm.application.steps.LoginPageSteps.launchApplication(LoginPageSteps.java:21)
at com.creatio.crm.application.steps.LoginPageSteps.launchApplication(LoginPageSteps.java:21)
at com.creatio.crm.application.steps.LoginPageSteps.launchApplication(LoginPageSteps.java:21)
at com.creatio.crm.application.steps.LoginPageSteps.launchApplication(LoginPageSteps.java:21)
at com.creatio.crm.application.steps.LoginPageSteps.launchApplication(LoginPageSteps.java:21)
at com.creatio.crm.application.steps.LoginPageSteps.launchApplication(LoginPageSteps.java:21)
at com.creatio.crm.application.steps.LoginPageSteps.launchApplication(LoginPageSteps.java:21)
at com.creatio.crm.application.steps.LoginPageSteps.launchApplication(LoginPageSteps.java:21)
at com.creatio.crm.application.steps.LoginPageSteps.launchApplication(LoginPageSteps.java:21)
at com.creatio.crm.application.steps.LoginPageSteps.launchApplication(LoginPageSteps.java:21)
at com.creatio.crm.application.steps.LoginPageSteps.launchApplication(LoginPageSteps.java:21)
at com.creatio.crm.application.steps.LoginPageSteps.launchApplication(LoginPageSteps.java:21)
at com.creatio.crm.application.steps.LoginPageSteps.launchApplication(LoginPageSteps.java:21)
at com.creatio.crm.application.steps.LoginPageSteps.launchApplication(LoginPageSteps.java:21)
at com.creatio.crm.application.steps.LoginPageSteps.launchApplication(LoginPageSteps.java:21)
at com.creatio.crm.application.steps.LoginPageSteps.launchApplication(LoginPageSteps.java:21)
at com.creatio.crm.application.steps.LoginPageSteps.launchApplication(LoginPageSteps.java:21)
at com.creatio.crm.application.steps.LoginPageSteps.launchApplication(LoginPageSteps.java:21)
at com.creatio.crm.application.steps.LoginPageSteps.launchApplication(LoginPageSteps.java:21)
at com.creatio.crm.application.steps.LoginPageSteps.launchApplication(LoginPageSteps.java:21)
at com.creatio.crm.application.steps.LoginPageSteps.launchApplication(LoginPageSteps.java:21)
at com.creatio.crm.application.steps.LoginPageSteps.launchApplication(LoginPageSteps.java:21)
at com.creatio.crm.application.steps.LoginPageSteps.launchApplication(LoginPageSteps.java:21)
at com.creatio.crm.application.steps.LoginPageSteps.launchApplication(LoginPageSteps.java:21)
at com.creatio.crm.application.steps.LoginPageSteps.launchApplication(LoginPageSteps.java:21)
at com.creatio.crm.application.steps.LoginPageSteps.launchApplication(LoginPageSteps.java:21)
at com.creatio.crm.application.steps.LoginPageSteps.launchApplication(LoginPageSteps.java:21)
at com.creatio.crm.application.steps.LoginPageSteps.launchApplication(LoginPageSteps.java:21)
at com.creatio.crm.application.steps.LoginPageSteps.launchApplication(LoginPageSteps.java:21)
at com.creatio.crm.application.steps.LoginPageSteps.launchApplication(LoginPageSteps.java:21)
at com.creatio.crm.application.steps.LoginPageSteps.launchApplication(LoginPageSteps.java:21)
at com.creatio.crm.application.steps.LoginPageSteps.launchApplication(LoginPageSteps.java:21)
at com.creatio.crm.application.steps.LoginPageSteps.launchApplication(LoginPageSteps.java:21)
at com.creatio.crm.application.steps.LoginPageSteps.launchApplication(LoginPageSteps.java:21)
at com.creatio.crm.application.steps.LoginPageSteps.launchApplication(LoginPageSteps.java:21)
at com.creatio.crm.application.steps.LoginPageSteps.launchApplication(LoginPageSteps.java:21)
at com.creatio.crm.application.steps.LoginPageSteps.launchApplication(LoginPageSteps.java:21)
at com.creatio.crm.application.steps.LoginPageSteps.launchApplication(LoginPageSteps.java:21)
at com.creatio.crm.application.steps.LoginPageSteps.launchApplication(LoginPageSteps.java:21)
at com.creatio.crm.application.steps.LoginPageSteps.launchApplication(LoginPageSteps.java:21)
at com.creatio.crm.application.steps.LoginPageSteps.launchApplication(LoginPageSteps.java:21)
at com.creatio.crm.application.steps.LoginPageSteps.launchApplication(LoginPageSteps.java:21)
at com.creatio.crm.application.steps.LoginPageSteps.launchApplication(LoginPageSteps.java:21)
at com.creatio.crm.application.steps.LoginPageSteps.launchApplication(LoginPageSteps.java:21)
at com.creatio.crm.application.steps.LoginPageSteps.launchApplication(LoginPageSteps.java:21)
at com.creatio.crm.application.steps.LoginPageSteps.launchApplication(LoginPageSteps.java:21)
at com.creatio.crm.application.steps.LoginPageSteps.launchApplication(LoginPageSteps.java:21)
at com.creatio.crm.application.steps.LoginPageSteps.launchApplication(LoginPageSteps.java:21)
at com.creatio.crm.application.steps.LoginPageSteps.launchApplication(LoginPageSteps.java:21)
at com.creatio.crm.application.steps.LoginPageSteps.launchApplication(LoginPageSteps.java:21)
at com.creatio.crm.application.steps.LoginPageSteps.launchApplication(LoginPageSteps.java:21)
at com.creatio.crm.application.steps.LoginPageSteps.launchApplication(LoginPageSteps.java:21)
at com.creatio.crm.application.steps.LoginPageSteps.launchApplication(LoginPageSteps.java:21)
at com.creatio.crm.application.steps.LoginPageSteps.launchApplication(LoginPageSteps.java:21)
at com.creatio.crm.application.steps.LoginPageSteps.launchApplication(LoginPageSteps.java:21)
at com.creatio.crm.application.steps.LoginPageSteps.launchApplication(LoginPageSteps.java:21)
at com.creatio.crm.application.steps.LoginPageSteps.launchApplication(LoginPageSteps.java:21)
at com.creatio.crm.application.steps.LoginPageSteps.launchApplication(LoginPageSteps.java:21)
at com.creatio.crm.application.steps.LoginPageSteps.launchApplication(LoginPageSteps.java:21)
at com.creatio.crm.application.steps.LoginPageSteps.launchApplication(LoginPageSteps.java:21)
at com.creatio.crm.application.steps.LoginPageSteps.launchApplication(LoginPageSteps.java:21)
at com.creatio.crm.application.steps.LoginPageSteps.launchApplication(LoginPageSteps.java:21)
at com.creatio.crm.application.steps.LoginPageSteps.launchApplication(LoginPageSteps.java:21)
at com.creatio.crm.application.steps.LoginPageSteps.launchApplication(LoginPageSteps.java:21)
at com.creatio.crm.application.steps.LoginPageSteps.launchApplication(LoginPageSteps.java:21)
at com.creatio.crm.application.steps.LoginPageSteps.launchApplication(LoginPageSteps.java:21)
at com.creatio.crm.application.steps.LoginPageSteps.launchApplication(LoginPageSteps.java:21)
at com.creatio.crm.application.steps.LoginPageSteps.launchApplication(LoginPageSteps.java:21)
at com.creatio.crm.application.steps.LoginPageSteps.launchApplication(LoginPageSteps.java:21)
at com.creatio.crm.application.steps.LoginPageSteps.launchApplication(LoginPageSteps.java:21)
at com.creatio.crm.application.steps.LoginPageSteps.launchApplication(LoginPageSteps.java:21)
at com.creatio.crm.application.steps.LoginPageSteps.launchApplication(LoginPageSteps.java:21)
at com.creatio.crm.application.steps.LoginPageSteps.launchApplication(LoginPageSteps.java:21)
at com.creatio.crm.application.steps.LoginPageSteps.launchApplication(LoginPageSteps.java:21)
at com.creatio.crm.application.steps.LoginPageSteps.launchApplication(LoginPageSteps.java:21)
at com.creatio.crm.application.steps.LoginPageSteps.launchApplication(LoginPageSteps.java:21)
at com.creatio.crm.application.steps.LoginPageSteps.launchApplication(LoginPageSteps.java:21)
at com.creatio.crm.application.steps.LoginPageSteps.launchApplication(LoginPageSteps.java:21)
at com.creatio.crm.application.steps.LoginPageSteps.launchApplication(LoginPageSteps.java:21)
at com.creatio.crm.application.steps.LoginPageSteps.launchApplication(LoginPageSteps.java:21)
at com.creatio.crm.application.steps.LoginPageSteps.launchApplication(LoginPageSteps.java:21)
at com.creatio.crm.application.steps.LoginPageSteps.launchApplication(LoginPageSteps.java:21)
at com.creatio.crm.application.steps.LoginPageSteps.launchApplication(LoginPageSteps.java:21)
at com.creatio.crm.application.steps.LoginPageSteps.launchApplication(LoginPageSteps.java:21)
at com.creatio.crm.application.steps.LoginPageSteps.launchApplication(LoginPageSteps.java:21)
at com.creatio.crm.application.steps.LoginPageSteps.launchApplication(LoginPageSteps.java:21)
at com.creatio.crm.application.steps.LoginPageSteps.launchApplication(LoginPageSteps.java:21)
at com.creatio.crm.application.steps.LoginPageSteps.launchApplication(LoginPageSteps.java:21)
at com.creatio.crm.application.steps.LoginPageSteps.launchApplication(LoginPageSteps.java:21)
at com.creatio.crm.application.steps.LoginPageSteps.launchApplication(LoginPageSteps.java:21)
at com.creatio.crm.application.steps.LoginPageSteps.launchApplication(LoginPageSteps.java:21)
at com.creatio.crm.application.steps.LoginPageSteps.launchApplication(LoginPageSteps.java:21)
at com.creatio.crm.application.steps.LoginPageSteps.launchApplication(LoginPageSteps.java:21)
at com.creatio.crm.application.steps.LoginPageSteps.launchApplication(LoginPageSteps.java:21)
at com.creatio.crm.application.steps.LoginPageSteps.launchApplication(LoginPageSteps.java:21)
at com.creatio.crm.application.steps.LoginPageSteps.launchApplication(LoginPageSteps.java:21)
at com.creatio.crm.application.steps.LoginPageSteps.launchApplication(LoginPageSteps.java:21)
at com.creatio.crm.application.steps.LoginPageSteps.launchApplication(LoginPageSteps.java:21)
at com.creatio.crm.application.steps.LoginPageSteps.launchApplication(LoginPageSteps.java:21)
at com.creatio.crm.application.steps.LoginPageSteps.launchApplication(LoginPageSteps.java:21)
at com.creatio.crm.application.steps.LoginPageSteps.launchApplication(LoginPageSteps.java:21)
at com.creatio.crm.application.steps.LoginPageSteps.launchApplication(LoginPageSteps.java:21)
at com.creatio.crm.application.steps.LoginPageSteps.launchApplication(LoginPageSteps.java:21)
at com.creatio.crm.application.steps.LoginPageSteps.launchApplication(LoginPageSteps.java:21)
at com.creatio.crm.application.steps.LoginPageSteps.launchApplication(LoginPageSteps.java:21)
at com.creatio.crm.application.steps.LoginPageSteps.launchApplication(LoginPageSteps.java:21)
at com.creatio.crm.application.steps.LoginPageSteps.launchApplication(LoginPageSteps.java:21)
at com.creatio.crm.application.steps.LoginPageSteps.launchApplication(LoginPageSteps.java:21)
at com.creatio.crm.application.steps.LoginPageSteps.launchApplication(LoginPageSteps.java:21)
at com.creatio.crm.application.steps.LoginPageSteps.launchApplication(LoginPageSteps.java:21)
at com.creatio.crm.application.steps.LoginPageSteps.launchApplication(LoginPageSteps.java:21)
at com.creatio.crm.application.steps.LoginPageSteps.launchApplication(LoginPageSteps.java:21)
at com.creatio.crm.application.steps.LoginPageSteps.launchApplication(LoginPageSteps.java:21)
at com.creatio.crm.application.steps.LoginPageSteps.launchApplication(LoginPageSteps.java:21)
at com.creatio.crm.application.steps.LoginPageSteps.launchApplication(LoginPageSteps.java:21)
at com.creatio.crm.application.steps.LoginPageSteps.launchApplication(LoginPageSteps.java:21)
at com.creatio.crm.application.steps.LoginPageSteps.launchApplication(LoginPageSteps.java:21)
at com.creatio.crm.application.steps.LoginPageSteps.launchApplication(LoginPageSteps.java:21)
at com.creatio.crm.application.steps.LoginPageSteps.launchApplication(LoginPageSteps.java:21)
at com.creatio.crm.application.steps.LoginPageSteps.launchApplication(LoginPageSteps.java:21)
at com.creatio.crm.application.steps.LoginPageSteps.launchApplication(LoginPageSteps.java:21)
at com.creatio.crm.application.steps.LoginPageSteps.launchApplication(LoginPageSteps.java:21)
at com.creatio.crm.application.steps.LoginPageSteps.launchApplication(LoginPageSteps.java:21)
at com.creatio.crm.application.steps.LoginPageSteps.launchApplication(LoginPageSteps.java:21)
at com.creatio.crm.application.steps.LoginPageSteps.launchApplication(LoginPageSteps.java:21)
at com.creatio.crm.application.steps.LoginPageSteps.launchApplication(LoginPageSteps.java:21)
at com.creatio.crm.application.steps.LoginPageSteps.launchApplication(LoginPageSteps.java:21)
at com.creatio.crm.application.steps.LoginPageSteps.launchApplication(LoginPageSteps.java:21)
at com.creatio.crm.application.steps.LoginPageSteps.launchApplication(LoginPageSteps.java:21)
at com.creatio.crm.application.steps.LoginPageSteps.launchApplication(LoginPageSteps.java:21)
at com.creatio.crm.application.steps.LoginPageSteps.launchApplication(LoginPageSteps.java:21)
at com.creatio.crm.application.steps.LoginPageSteps.launchApplication(LoginPageSteps.java:21)
at com.creatio.crm.application.steps.LoginPageSteps.launchApplication(LoginPageSteps.java:21)
at com.creatio.crm.application.steps.LoginPageSteps.launchApplication(LoginPageSteps.java:21)
at com.creatio.crm.application.steps.LoginPageSteps.launchApplication(LoginPageSteps.java:21)
at com.creatio.crm.application.steps.LoginPageSteps.launchApplication(LoginPageSteps.java:21)
at com.creatio.crm.application.steps.LoginPageSteps.launchApplication(LoginPageSteps.java:21)
at com.creatio.crm.application.steps.LoginPageSteps.launchApplication(LoginPageSteps.java:21)
at com.creatio.crm.application.steps.LoginPageSteps.launchApplication(LoginPageSteps.java:21)
at com.creatio.crm.application.steps.LoginPageSteps.launchApplication(LoginPageSteps.java:21)
at com.creatio.crm.application.steps.LoginPageSteps.launchApplication(LoginPageSteps.java:21)
at com.creatio.crm.application.steps.LoginPageSteps.launchApplication(LoginPageSteps.java:21)
at com.creatio.crm.application.steps.LoginPageSteps.launchApplication(LoginPageSteps.java:21)
at com.creatio.crm.application.steps.LoginPageSteps.launchApplication(LoginPageSteps.java:21)
]]>
    </failure>
  </testcase> <!-- verifyLoginWithValidCredentials -->
</testsuite> <!-- Test -->
