<?xml version="1.0" encoding="UTF-8"?>
<!-- Generated by org.testng.reporters.JUnitXMLReporter -->
<testsuite ignored="0" hostname="DESKTOP-29D1PLS" failures="0" tests="4" name="Test" time="47.166" errors="0" timestamp="2025-06-17T19:55:39 IST">
  <testcase classname="com.creatio.crm.application.tests.ApplicationTest" name="verifyForgotLoginFeature" time="9.035"/>
  <testcase classname="com.creatio.crm.application.tests.ApplicationTest" name="verifyLoginInvalidCredentials" time="9.207"/>
  <testcase classname="com.creatio.crm.application.tests.ApplicationTest" name="verifyGoogleLogin" time="10.889"/>
  <testcase classname="com.creatio.crm.application.tests.ApplicationTest" name="verifyLoginWithValidCredentials" time="12.366"/>
</testsuite> <!-- Test -->
