<?xml version="1.0" encoding="UTF-8"?>
<testng-results ignored="0" total="4" passed="4" failed="0" skipped="0">
  <reporter-output>
  </reporter-output>
  <suite started-at="2025-06-17T19:54:52 IST" name="E2ETSuite" finished-at="2025-06-17T19:55:39 IST" duration-ms="47166">
    <groups>
    </groups>
    <test started-at="2025-06-17T19:54:52 IST" name="Test" finished-at="2025-06-17T19:55:39 IST" duration-ms="47166">
      <class name="com.creatio.crm.application.tests.ApplicationTest">
        <test-method is-config="true" signature="setupReport()[pri:0, instance:com.creatio.crm.application.tests.ApplicationTest@1189dd52]" started-at="2025-06-17T19:54:52 IST" name="setupReport" finished-at="2025-06-17T19:54:52 IST" duration-ms="121" status="PASS">
          <reporter-output>
          </reporter-output>
        </test-method> <!-- setupReport -->
        <test-method is-config="true" signature="setupBrowser(java.lang.String)[pri:0, instance:com.creatio.crm.application.tests.ApplicationTest@1189dd52]" started-at="2025-06-17T19:54:53 IST" name="setupBrowser" finished-at="2025-06-17T19:54:54 IST" duration-ms="1262" status="PASS">
          <params>
            <param index="0">
              <value>
                <![CDATA[chrome]]>
              </value>
            </param>
          </params>
          <reporter-output>
          </reporter-output>
        </test-method> <!-- setupBrowser -->
        <test-method is-config="true" signature="initializePages()[pri:0, instance:com.creatio.crm.application.tests.ApplicationTest@1189dd52]" started-at="2025-06-17T19:54:54 IST" name="initializePages" finished-at="2025-06-17T19:54:54 IST" depends-on-methods="com.creatio.crm.framework.base.BasePage.setupBrowser" duration-ms="35" status="PASS">
          <reporter-output>
          </reporter-output>
        </test-method> <!-- initializePages -->
        <test-method signature="verifyForgotLoginFeature(java.lang.String,java.lang.String,java.lang.String)[pri:1, instance:com.creatio.crm.application.tests.ApplicationTest@1189dd52]" started-at="2025-06-17T19:54:54 IST" name="verifyForgotLoginFeature" data-provider="data" finished-at="2025-06-17T19:55:03 IST" duration-ms="9035" status="PASS">
          <params>
            <param index="0">
              <value>
                <![CDATA[testautomation0691@gmail.com]]>
              </value>
            </param>
            <param index="1">
              <value>
                <![CDATA[null]]>
              </value>
            </param>
            <param index="2">
              <value>
                <![CDATA[Almost done!]]>
              </value>
            </param>
          </params>
          <reporter-output>
          </reporter-output>
        </test-method> <!-- verifyForgotLoginFeature -->
        <test-method is-config="true" signature="teardownDriver()[pri:0, instance:com.creatio.crm.application.tests.ApplicationTest@1189dd52]" started-at="2025-06-17T19:55:03 IST" name="teardownDriver" finished-at="2025-06-17T19:55:04 IST" duration-ms="156" status="PASS">
          <reporter-output>
          </reporter-output>
        </test-method> <!-- teardownDriver -->
        <test-method is-config="true" signature="setupBrowser(java.lang.String)[pri:0, instance:com.creatio.crm.application.tests.ApplicationTest@1189dd52]" started-at="2025-06-17T19:55:04 IST" name="setupBrowser" finished-at="2025-06-17T19:55:05 IST" duration-ms="858" status="PASS">
          <params>
            <param index="0">
              <value>
                <![CDATA[chrome]]>
              </value>
            </param>
          </params>
          <reporter-output>
          </reporter-output>
        </test-method> <!-- setupBrowser -->
        <test-method is-config="true" signature="initializePages()[pri:0, instance:com.creatio.crm.application.tests.ApplicationTest@1189dd52]" started-at="2025-06-17T19:55:05 IST" name="initializePages" finished-at="2025-06-17T19:55:05 IST" depends-on-methods="com.creatio.crm.framework.base.BasePage.setupBrowser" duration-ms="5" status="PASS">
          <reporter-output>
          </reporter-output>
        </test-method> <!-- initializePages -->
        <test-method signature="verifyLoginInvalidCredentials(java.lang.String,java.lang.String,java.lang.String)[pri:2, instance:com.creatio.crm.application.tests.ApplicationTest@1189dd52]" started-at="2025-06-17T19:55:05 IST" name="verifyLoginInvalidCredentials" data-provider="data" finished-at="2025-06-17T19:55:14 IST" duration-ms="9207" status="PASS">
          <params>
            <param index="0">
              <value>
                <![CDATA[testautomation0691@gmail.com]]>
              </value>
            </param>
            <param index="1">
              <value>
                <![CDATA[Harish]]>
              </value>
            </param>
            <param index="2">
              <value>
                <![CDATA[Invalid email or password]]>
              </value>
            </param>
          </params>
          <reporter-output>
          </reporter-output>
        </test-method> <!-- verifyLoginInvalidCredentials -->
        <test-method is-config="true" signature="teardownDriver()[pri:0, instance:com.creatio.crm.application.tests.ApplicationTest@1189dd52]" started-at="2025-06-17T19:55:14 IST" name="teardownDriver" finished-at="2025-06-17T19:55:14 IST" duration-ms="145" status="PASS">
          <reporter-output>
          </reporter-output>
        </test-method> <!-- teardownDriver -->
        <test-method is-config="true" signature="setupBrowser(java.lang.String)[pri:0, instance:com.creatio.crm.application.tests.ApplicationTest@1189dd52]" started-at="2025-06-17T19:55:14 IST" name="setupBrowser" finished-at="2025-06-17T19:55:15 IST" duration-ms="838" status="PASS">
          <params>
            <param index="0">
              <value>
                <![CDATA[chrome]]>
              </value>
            </param>
          </params>
          <reporter-output>
          </reporter-output>
        </test-method> <!-- setupBrowser -->
        <test-method is-config="true" signature="initializePages()[pri:0, instance:com.creatio.crm.application.tests.ApplicationTest@1189dd52]" started-at="2025-06-17T19:55:15 IST" name="initializePages" finished-at="2025-06-17T19:55:15 IST" depends-on-methods="com.creatio.crm.framework.base.BasePage.setupBrowser" duration-ms="2" status="PASS">
          <reporter-output>
          </reporter-output>
        </test-method> <!-- initializePages -->
        <test-method signature="verifyGoogleLogin()[pri:3, instance:com.creatio.crm.application.tests.ApplicationTest@1189dd52]" started-at="2025-06-17T19:55:15 IST" name="verifyGoogleLogin" finished-at="2025-06-17T19:55:26 IST" duration-ms="10889" status="PASS">
          <reporter-output>
          </reporter-output>
        </test-method> <!-- verifyGoogleLogin -->
        <test-method is-config="true" signature="teardownDriver()[pri:0, instance:com.creatio.crm.application.tests.ApplicationTest@1189dd52]" started-at="2025-06-17T19:55:26 IST" name="teardownDriver" finished-at="2025-06-17T19:55:26 IST" duration-ms="296" status="PASS">
          <reporter-output>
          </reporter-output>
        </test-method> <!-- teardownDriver -->
        <test-method is-config="true" signature="setupBrowser(java.lang.String)[pri:0, instance:com.creatio.crm.application.tests.ApplicationTest@1189dd52]" started-at="2025-06-17T19:55:26 IST" name="setupBrowser" finished-at="2025-06-17T19:55:27 IST" duration-ms="879" status="PASS">
          <params>
            <param index="0">
              <value>
                <![CDATA[chrome]]>
              </value>
            </param>
          </params>
          <reporter-output>
          </reporter-output>
        </test-method> <!-- setupBrowser -->
        <test-method is-config="true" signature="initializePages()[pri:0, instance:com.creatio.crm.application.tests.ApplicationTest@1189dd52]" started-at="2025-06-17T19:55:27 IST" name="initializePages" finished-at="2025-06-17T19:55:27 IST" depends-on-methods="com.creatio.crm.framework.base.BasePage.setupBrowser" duration-ms="4" status="PASS">
          <reporter-output>
          </reporter-output>
        </test-method> <!-- initializePages -->
        <test-method signature="verifyLoginWithValidCredentials(java.lang.String,java.lang.String,java.lang.String)[pri:4, instance:com.creatio.crm.application.tests.ApplicationTest@1189dd52]" started-at="2025-06-17T19:55:27 IST" name="verifyLoginWithValidCredentials" data-provider="data" finished-at="2025-06-17T19:55:39 IST" duration-ms="12366" status="PASS">
          <params>
            <param index="0">
              <value>
                <![CDATA[testautomation0691@gmail.com]]>
              </value>
            </param>
            <param index="1">
              <value>
                <![CDATA[Harish@1997]]>
              </value>
            </param>
            <param index="2">
              <value>
                <![CDATA[All processes]]>
              </value>
            </param>
          </params>
          <reporter-output>
          </reporter-output>
        </test-method> <!-- verifyLoginWithValidCredentials -->
        <test-method is-config="true" signature="teardownDriver()[pri:0, instance:com.creatio.crm.application.tests.ApplicationTest@1189dd52]" started-at="2025-06-17T19:55:39 IST" name="teardownDriver" finished-at="2025-06-17T19:55:39 IST" duration-ms="158" status="PASS">
          <reporter-output>
          </reporter-output>
        </test-method> <!-- teardownDriver -->
      </class> <!-- com.creatio.crm.application.tests.ApplicationTest -->
    </test> <!-- Test -->
  </suite> <!-- E2ETSuite -->
</testng-results>
