<?xml version="1.0" encoding="UTF-8"?>
<testng-results ignored="0" total="1" passed="1" failed="0" skipped="0">
  <reporter-output>
  </reporter-output>
  <suite started-at="2025-06-17T18:26:04 IST" name="E2ETSuite" finished-at="2025-06-17T18:26:22 IST" duration-ms="18241">
    <groups>
    </groups>
    <test started-at="2025-06-17T18:26:04 IST" name="Test" finished-at="2025-06-17T18:26:22 IST" duration-ms="18241">
      <class name="com.creatio.crm.application.tests.ApplicationTest">
        <test-method is-config="true" signature="setupReport()[pri:0, instance:com.creatio.crm.application.tests.ApplicationTest@3a93b025]" started-at="2025-06-17T18:26:04 IST" name="setupReport" finished-at="2025-06-17T18:26:04 IST" duration-ms="165" status="PASS">
          <reporter-output>
          </reporter-output>
        </test-method> <!-- setupReport -->
        <test-method is-config="true" signature="setupBrowser(java.lang.String)[pri:0, instance:com.creatio.crm.application.tests.ApplicationTest@3a93b025]" started-at="2025-06-17T18:26:05 IST" name="setupBrowser" finished-at="2025-06-17T18:26:07 IST" duration-ms="1926" status="PASS">
          <params>
            <param index="0">
              <value>
                <![CDATA[chrome]]>
              </value>
            </param>
          </params>
          <reporter-output>
          </reporter-output>
        </test-method> <!-- setupBrowser -->
        <test-method is-config="true" signature="initializePages()[pri:0, instance:com.creatio.crm.application.tests.ApplicationTest@3a93b025]" started-at="2025-06-17T18:26:07 IST" name="initializePages" finished-at="2025-06-17T18:26:07 IST" depends-on-methods="com.creatio.crm.framework.base.BasePage.setupBrowser" duration-ms="66" status="PASS">
          <reporter-output>
          </reporter-output>
        </test-method> <!-- initializePages -->
        <test-method signature="verifyLoginWithValidCredentials(java.lang.String,java.lang.String,java.lang.String)[pri:0, instance:com.creatio.crm.application.tests.ApplicationTest@3a93b025]" started-at="2025-06-17T18:26:07 IST" name="verifyLoginWithValidCredentials" data-provider="data" finished-at="2025-06-17T18:26:21 IST" duration-ms="14629" status="PASS">
          <params>
            <param index="0">
              <value>
                <![CDATA[testautomation0691@gmail.com]]>
              </value>
            </param>
            <param index="1">
              <value>
                <![CDATA[Harish@1997]]>
              </value>
            </param>
            <param index="2">
              <value>
                <![CDATA[All processes]]>
              </value>
            </param>
          </params>
          <reporter-output>
          </reporter-output>
        </test-method> <!-- verifyLoginWithValidCredentials -->
        <test-method is-config="true" signature="teardownDriver()[pri:0, instance:com.creatio.crm.application.tests.ApplicationTest@3a93b025]" started-at="2025-06-17T18:26:22 IST" name="teardownDriver" finished-at="2025-06-17T18:26:22 IST" duration-ms="265" status="PASS">
          <reporter-output>
          </reporter-output>
        </test-method> <!-- teardownDriver -->
      </class> <!-- com.creatio.crm.application.tests.ApplicationTest -->
    </test> <!-- Test -->
  </suite> <!-- E2ETSuite -->
</testng-results>
